[0507/120542.670:ERROR:process_memory_win.cc(73)] ReadMemory at 0x7ff7b6710000 of 64 bytes failed: Only part of a ReadProcessMemory or WriteProcessMemory request was completed. (0x12B)
[0507/120542.677:WARNING:pe_image_reader.cc(340)] could not read dos header from C:\Program Files (x86)\Google\Chrome\Application\chrome.exe
[0507/120542.677:ERROR:process_memory_win.cc(73)] ReadMemory at 0x7ffb6f9a0000 of 64 bytes failed: Only part of a ReadProcessMemory or WriteProcessMemory request was completed. (0x12B)
[0507/120542.678:WARNING:pe_image_reader.cc(340)] could not read dos header from C:\windows\SYSTEM32\ntdll.dll
[0507/120542.678:ERROR:process_memory_win.cc(73)] ReadMemory at 0x7ffb6e670000 of 64 bytes failed: Only part of a ReadProcessMemory or WriteProcessMemory request was completed. (0x12B)
[0507/120542.678:WARNING:pe_image_reader.cc(340)] could not read dos header from C:\windows\System32\KERNEL32.DLL
[0507/120542.678:ERROR:process_memory_win.cc(73)] ReadMemory at 0x7ffb6d250000 of 64 bytes failed: Only part of a ReadProcessMemory or WriteProcessMemory request was completed. (0x12B)
[0507/120542.678:WARNING:pe_image_reader.cc(340)] could not read dos header from C:\windows\System32\KERNELBASE.dll
[0507/120542.678:ERROR:process_memory_win.cc(73)] ReadMemory at 0x51e20000 of 64 bytes failed: Only part of a ReadProcessMemory or WriteProcessMemory request was completed. (0x12B)
[0507/120542.678:WARNING:pe_image_reader.cc(340)] could not read dos header from C:\windows\System32\SYSFER.DLL
[0507/120542.679:ERROR:process_memory_win.cc(73)] ReadMemory at 0x7ffb27aa0000 of 64 bytes failed: Only part of a ReadProcessMemory or WriteProcessMemory request was completed. (0x12B)
[0507/120542.679:WARNING:pe_image_reader.cc(340)] could not read dos header from C:\Program Files (x86)\Google\Chrome\Application\81.0.4044.138\chrome_elf.dll
[0507/120542.679:ERROR:process_memory_win.cc(73)] ReadMemory at 0x7ffb608e0000 of 64 bytes failed: Only part of a ReadProcessMemory or WriteProcessMemory request was completed. (0x12B)
[0507/120542.679:WARNING:pe_image_reader.cc(340)] could not read dos header from C:\windows\SYSTEM32\VERSION.dll
[0507/120542.679:ERROR:process_memory_win.cc(73)] ReadMemory at 0x7ffb6ddd0000 of 64 bytes failed: Only part of a ReadProcessMemory or WriteProcessMemory request was completed. (0x12B)
[0507/120542.679:WARNING:pe_image_reader.cc(340)] could not read dos header from C:\windows\System32\msvcrt.dll
[0507/120542.679:ERROR:process_memory_win.cc(73)] ReadMemory at 0x68000000 of 64 bytes failed: Only part of a ReadProcessMemory or WriteProcessMemory request was completed. (0x12B)
[0507/120542.679:WARNING:pe_image_reader.cc(340)] could not read dos header from C:\windows\System32\QIPCAP64.dll
[0507/120542.679:ERROR:process_memory_win.cc(73)] ReadMemory at 0x7ffb6f520000 of 64 bytes failed: Only part of a ReadProcessMemory or WriteProcessMemory request was completed. (0x12B)
[0507/120542.679:WARNING:pe_image_reader.cc(340)] could not read dos header from C:\windows\System32\ADVAPI32.dll
[0507/120542.679:ERROR:process_memory_win.cc(73)] ReadMemory at 0x7ffb6dd30000 of 64 bytes failed: Only part of a ReadProcessMemory or WriteProcessMemory request was completed. (0x12B)
[0507/120542.679:WARNING:pe_image_reader.cc(340)] could not read dos header from C:\windows\System32\sechost.dll
[0507/120542.679:ERROR:process_memory_win.cc(73)] ReadMemory at 0x7ffb6f5e0000 of 64 bytes failed: Only part of a ReadProcessMemory or WriteProcessMemory request was completed. (0x12B)
[0507/120542.679:WARNING:pe_image_reader.cc(340)] could not read dos header from C:\windows\System32\RPCRT4.dll
[0507/120542.679:ERROR:process_memory_win.cc(73)] ReadMemory at 0x7ffb6de70000 of 64 bytes failed: Only part of a ReadProcessMemory or WriteProcessMemory request was completed. (0x12B)
[0507/120542.679:WARNING:pe_image_reader.cc(340)] could not read dos header from C:\windows\System32\SHELL32.dll
[0507/120542.679:ERROR:process_memory_win.cc(73)] ReadMemory at 0x7ffb6d700000 of 64 bytes failed: Only part of a ReadProcessMemory or WriteProcessMemory request was completed. (0x12B)
[0507/120542.679:WARNING:pe_image_reader.cc(340)] could not read dos header from C:\windows\System32\ucrtbase.dll
[0507/120542.679:ERROR:process_memory_win.cc(73)] ReadMemory at 0x7ffb6d680000 of 64 bytes failed: Only part of a ReadProcessMemory or WriteProcessMemory request was completed. (0x12B)
[0507/120542.679:WARNING:pe_image_reader.cc(340)] could not read dos header from C:\windows\System32\cfgmgr32.dll
[0507/120542.679:ERROR:process_memory_win.cc(73)] ReadMemory at 0x7ffb6e560000 of 64 bytes failed: Only part of a ReadProcessMemory or WriteProcessMemory request was completed. (0x12B)
[0507/120542.679:WARNING:pe_image_reader.cc(340)] could not read dos header from C:\windows\System32\shcore.dll
[0507/120542.679:ERROR:process_memory_win.cc(73)] ReadMemory at 0x7ffb6f110000 of 64 bytes failed: Only part of a ReadProcessMemory or WriteProcessMemory request was completed. (0x12B)
[0507/120542.679:WARNING:pe_image_reader.cc(340)] could not read dos header from C:\windows\System32\combase.dll
[0507/120542.679:ERROR:process_memory_win.cc(73)] ReadMemory at 0x7ffb6d860000 of 64 bytes failed: Only part of a ReadProcessMemory or WriteProcessMemory request was completed. (0x12B)
[0507/120542.679:WARNING:pe_image_reader.cc(340)] could not read dos header from C:\windows\System32\bcryptPrimitives.dll
[0507/120542.679:ERROR:process_memory_win.cc(73)] ReadMemory at 0x7ffb6c930000 of 64 bytes failed: Only part of a ReadProcessMemory or WriteProcessMemory request was completed. (0x12B)
[0507/120542.679:WARNING:pe_image_reader.cc(340)] could not read dos header from C:\windows\System32\windows.storage.dll
[0507/120542.679:ERROR:process_memory_win.cc(73)] ReadMemory at 0x7ffb6d500000 of 64 bytes failed: Only part of a ReadProcessMemory or WriteProcessMemory request was completed. (0x12B)
[0507/120542.679:WARNING:pe_image_reader.cc(340)] could not read dos header from C:\windows\System32\msvcp_win.dll
[0507/120542.679:ERROR:process_memory_win.cc(73)] ReadMemory at 0x7ffb6c8e0000 of 64 bytes failed: Only part of a ReadProcessMemory or WriteProcessMemory request was completed. (0x12B)
[0507/120542.679:WARNING:pe_image_reader.cc(340)] could not read dos header from C:\windows\System32\profapi.dll
[0507/120542.679:ERROR:process_memory_win.cc(73)] ReadMemory at 0x7ffb6c890000 of 64 bytes failed: Only part of a ReadProcessMemory or WriteProcessMemory request was completed. (0x12B)
[0507/120542.679:WARNING:pe_image_reader.cc(340)] could not read dos header from C:\windows\System32\powrprof.dll
[0507/120542.679:ERROR:process_memory_win.cc(73)] ReadMemory at 0x7ffb6c860000 of 64 bytes failed: Only part of a ReadProcessMemory or WriteProcessMemory request was completed. (0x12B)
[0507/120542.679:WARNING:pe_image_reader.cc(340)] could not read dos header from C:\windows\System32\UMPDC.dll
[0507/120542.679:ERROR:process_memory_win.cc(73)] ReadMemory at 0x7ffb6e610000 of 64 bytes failed: Only part of a ReadProcessMemory or WriteProcessMemory request was completed. (0x12B)
[0507/120542.679:WARNING:pe_image_reader.cc(340)] could not read dos header from C:\windows\System32\shlwapi.dll
[0507/120542.679:ERROR:process_memory_win.cc(73)] ReadMemory at 0x7ffb6e890000 of 64 bytes failed: Only part of a ReadProcessMemory or WriteProcessMemory request was completed. (0x12B)
[0507/120542.679:WARNING:pe_image_reader.cc(340)] could not read dos header from C:\windows\System32\GDI32.dll
[0507/120542.680:ERROR:process_memory_win.cc(73)] ReadMemory at 0x7ffb6d650000 of 64 bytes failed: Only part of a ReadProcessMemory or WriteProcessMemory request was completed. (0x12B)
[0507/120542.680:WARNING:pe_image_reader.cc(340)] could not read dos header from C:\windows\System32\win32u.dll
[0507/120542.680:ERROR:process_memory_win.cc(73)] ReadMemory at 0x7ffb6d0b0000 of 64 bytes failed: Only part of a ReadProcessMemory or WriteProcessMemory request was completed. (0x12B)
[0507/120542.680:WARNING:pe_image_reader.cc(340)] could not read dos header from C:\windows\System32\gdi32full.dll
[0507/120542.680:ERROR:process_memory_win.cc(73)] ReadMemory at 0x7ffb6ea90000 of 64 bytes failed: Only part of a ReadProcessMemory or WriteProcessMemory request was completed. (0x12B)
[0507/120542.680:WARNING:pe_image_reader.cc(340)] could not read dos header from C:\windows\System32\USER32.dll
[0507/120542.680:ERROR:process_memory_win.cc(73)] ReadMemory at 0x7ffb6c870000 of 64 bytes failed: Only part of a ReadProcessMemory or WriteProcessMemory request was completed. (0x12B)
[0507/120542.680:WARNING:pe_image_reader.cc(340)] could not read dos header from C:\windows\System32\kernel.appcore.dll
[0507/120542.680:ERROR:process_memory_win.cc(73)] ReadMemory at 0x7ffb6d8e0000 of 64 bytes failed: Only part of a ReadProcessMemory or WriteProcessMemory request was completed. (0x12B)
[0507/120542.680:WARNING:pe_image_reader.cc(340)] could not read dos header from C:\windows\System32\cryptsp.dll
[0507/120542.680:ERROR:process_memory_win.cc(73)] ReadMemory at 0x7ffb6bc70000 of 64 bytes failed: Only part of a ReadProcessMemory or WriteProcessMemory request was completed. (0x12B)
[0507/120542.680:WARNING:pe_image_reader.cc(340)] could not read dos header from C:\windows\SYSTEM32\DNSAPI.dll
[0507/120542.680:ERROR:process_memory_win.cc(73)] ReadMemory at 0x269be780000 of 64 bytes failed: Only part of a ReadProcessMemory or WriteProcessMemory request was completed. (0x12B)
[0507/120542.680:WARNING:pe_image_reader.cc(340)] could not read dos header from C:\windows\System32\WS2_32.dll
[0507/120542.680:ERROR:process_memory_win.cc(73)] ReadMemory at 0x269be5a0000 of 64 bytes failed: Only part of a ReadProcessMemory or WriteProcessMemory request was completed. (0x12B)
[0507/120542.680:WARNING:pe_image_reader.cc(340)] could not read dos header from C:\windows\System32\NSI.dll
[0507/120542.680:ERROR:process_memory_win.cc(73)] ReadMemory at 0x7ffb6db20000 of 64 bytes failed: Only part of a ReadProcessMemory or WriteProcessMemory request was completed. (0x12B)
[0507/120542.680:WARNING:pe_image_reader.cc(340)] could not read dos header from C:\windows\System32\IMM32.DLL
[0507/120542.680:ERROR:process_memory_win.cc(73)] ReadMemory at 0x7ffb6bc20000 of 64 bytes failed: Only part of a ReadProcessMemory or WriteProcessMemory request was completed. (0x12B)
[0507/120542.680:WARNING:pe_image_reader.cc(340)] could not read dos header from C:\windows\SYSTEM32\IPHLPAPI.DLL
[0507/120542.680:ERROR:process_memory_win.cc(73)] ReadMemory at 0x7ffad4860000 of 64 bytes failed: Only part of a ReadProcessMemory or WriteProcessMemory request was completed. (0x12B)
[0507/120542.680:WARNING:pe_image_reader.cc(340)] could not read dos header from C:\Program Files (x86)\Google\Chrome\Application\81.0.4044.138\chrome.dll
[0507/120542.680:ERROR:process_memory_win.cc(73)] ReadMemory at 0x7ffb6f450000 of 64 bytes failed: Only part of a ReadProcessMemory or WriteProcessMemory request was completed. (0x12B)
[0507/120542.680:WARNING:pe_image_reader.cc(340)] could not read dos header from C:\windows\System32\OLEAUT32.dll
[0507/120542.680:ERROR:process_memory_win.cc(73)] ReadMemory at 0x7ffb6d800000 of 64 bytes failed: Only part of a ReadProcessMemory or WriteProcessMemory request was completed. (0x12B)
[0507/120542.681:WARNING:pe_image_reader.cc(340)] could not read dos header from C:\windows\System32\WINTRUST.dll
[0507/120542.681:ERROR:process_memory_win.cc(73)] ReadMemory at 0x269bef10000 of 64 bytes failed: Only part of a ReadProcessMemory or WriteProcessMemory request was completed. (0x12B)
[0507/120542.681:WARNING:pe_image_reader.cc(340)] could not read dos header from C:\windows\System32\MSASN1.dll
[0507/120542.681:ERROR:process_memory_win.cc(73)] ReadMemory at 0x7ffb6d900000 of 64 bytes failed: Only part of a ReadProcessMemory or WriteProcessMemory request was completed. (0x12B)
[0507/120542.681:WARNING:pe_image_reader.cc(340)] could not read dos header from C:\windows\System32\CRYPT32.dll
[0507/120542.681:ERROR:process_memory_win.cc(73)] ReadMemory at 0x7ffb5ca60000 of 64 bytes failed: Only part of a ReadProcessMemory or WriteProcessMemory request was completed. (0x12B)
[0507/120542.681:WARNING:pe_image_reader.cc(340)] could not read dos header from C:\windows\SYSTEM32\WINMM.dll
[0507/120542.681:ERROR:process_memory_win.cc(73)] ReadMemory at 0x7ffb5de50000 of 64 bytes failed: Only part of a ReadProcessMemory or WriteProcessMemory request was completed. (0x12B)
[0507/120542.681:WARNING:pe_image_reader.cc(340)] could not read dos header from C:\windows\SYSTEM32\Secur32.dll
[0507/120542.681:ERROR:process_memory_win.cc(73)] ReadMemory at 0x7ffb6c780000 of 64 bytes failed: Only part of a ReadProcessMemory or WriteProcessMemory request was completed. (0x12B)
[0507/120542.681:WARNING:pe_image_reader.cc(340)] could not read dos header from C:\windows\SYSTEM32\USERENV.dll
[0507/120542.681:ERROR:process_memory_win.cc(73)] ReadMemory at 0x7ffb27160000 of 64 bytes failed: Only part of a ReadProcessMemory or WriteProcessMemory request was completed. (0x12B)
[0507/120542.681:WARNING:pe_image_reader.cc(340)] could not read dos header from C:\windows\SYSTEM32\UIAutomationCore.DLL
[0507/120542.681:ERROR:process_memory_win.cc(73)] ReadMemory at 0x7ffb4eb20000 of 64 bytes failed: Only part of a ReadProcessMemory or WriteProcessMemory request was completed. (0x12B)
[0507/120542.681:WARNING:pe_image_reader.cc(340)] could not read dos header from C:\windows\SYSTEM32\DWrite.dll
[0507/120542.681:ERROR:process_memory_win.cc(73)] ReadMemory at 0x7ffb43940000 of 64 bytes failed: Only part of a ReadProcessMemory or WriteProcessMemory request was completed. (0x12B)
[0507/120542.681:WARNING:pe_image_reader.cc(340)] could not read dos header from C:\windows\SYSTEM32\WINSPOOL.DRV
[0507/120542.681:ERROR:process_memory_win.cc(73)] ReadMemory at 0x7ffb6d6d0000 of 64 bytes failed: Only part of a ReadProcessMemory or WriteProcessMemory request was completed. (0x12B)
[0507/120542.681:WARNING:pe_image_reader.cc(340)] could not read dos header from C:\windows\System32\bcrypt.dll
[0507/120542.681:ERROR:process_memory_win.cc(73)] ReadMemory at 0x7ffb6ae10000 of 64 bytes failed: Only part of a ReadProcessMemory or WriteProcessMemory request was completed. (0x12B)
[0507/120542.681:WARNING:pe_image_reader.cc(340)] could not read dos header from C:\windows\SYSTEM32\dbghelp.dll
[0507/120542.681:ERROR:process_memory_win.cc(73)] ReadMemory at 0x7ffb65ba0000 of 64 bytes failed: Only part of a ReadProcessMemory or WriteProcessMemory request was completed. (0x12B)
[0507/120542.681:WARNING:pe_image_reader.cc(340)] could not read dos header from C:\windows\SYSTEM32\WINHTTP.dll
[0507/120542.681:ERROR:process_memory_win.cc(73)] ReadMemory at 0x7ffb61410000 of 64 bytes failed: Only part of a ReadProcessMemory or WriteProcessMemory request was completed. (0x12B)
[0507/120542.681:WARNING:pe_image_reader.cc(340)] could not read dos header from C:\windows\SYSTEM32\dhcpcsvc.DLL
[0507/120542.682:ERROR:process_memory_win.cc(73)] ReadMemory at 0x7ffb5ca30000 of 64 bytes failed: Only part of a ReadProcessMemory or WriteProcessMemory request was completed. (0x12B)
[0507/120542.682:WARNING:pe_image_reader.cc(340)] could not read dos header from C:\windows\SYSTEM32\WINMMBASE.dll
[0507/120542.682:ERROR:process_memory_win.cc(73)] ReadMemory at 0x7ffb67130000 of 64 bytes failed: Only part of a ReadProcessMemory or WriteProcessMemory request was completed. (0x12B)
[0507/120542.682:WARNING:pe_image_reader.cc(340)] could not read dos header from C:\windows\SYSTEM32\PROPSYS.dll
[0507/120542.682:ERROR:process_memory_win.cc(73)] ReadMemory at 0x7ffb6c750000 of 64 bytes failed: Only part of a ReadProcessMemory or WriteProcessMemory request was completed. (0x12B)
[0507/120542.682:WARNING:pe_image_reader.cc(340)] could not read dos header from C:\windows\SYSTEM32\SSPICLI.DLL
[0507/120542.682:ERROR:process_memory_win.cc(73)] ReadMemory at 0x7ffb6c1c0000 of 64 bytes failed: Only part of a ReadProcessMemory or WriteProcessMemory request was completed. (0x12B)
[0507/120542.682:WARNING:pe_image_reader.cc(340)] could not read dos header from C:\windows\SYSTEM32\CRYPTBASE.DLL
[0507/120542.690:ERROR:process_memory_win.cc(73)] ReadMemory at 0x7ff7b6710000 of 64 bytes failed: Only part of a ReadProcessMemory or WriteProcessMemory request was completed. (0x12B)
[0507/120542.691:WARNING:pe_image_reader.cc(340)] could not read dos header from C:\Program Files (x86)\Google\Chrome\Application\chrome.exe
[0507/120542.691:ERROR:process_memory_win.cc(73)] ReadMemory at 0x7ffb6f9a0000 of 64 bytes failed: Only part of a ReadProcessMemory or WriteProcessMemory request was completed. (0x12B)
[0507/120542.691:WARNING:pe_image_reader.cc(340)] could not read dos header from C:\windows\SYSTEM32\ntdll.dll
[0507/120542.691:ERROR:process_memory_win.cc(73)] ReadMemory at 0x7ffb6e670000 of 64 bytes failed: Only part of a ReadProcessMemory or WriteProcessMemory request was completed. (0x12B)
[0507/120542.691:WARNING:pe_image_reader.cc(340)] could not read dos header from C:\windows\System32\KERNEL32.DLL
[0507/120542.691:ERROR:process_memory_win.cc(73)] ReadMemory at 0x7ffb6d250000 of 64 bytes failed: Only part of a ReadProcessMemory or WriteProcessMemory request was completed. (0x12B)
[0507/120542.691:WARNING:pe_image_reader.cc(340)] could not read dos header from C:\windows\System32\KERNELBASE.dll
[0507/120542.691:ERROR:process_memory_win.cc(73)] ReadMemory at 0x51e20000 of 64 bytes failed: Only part of a ReadProcessMemory or WriteProcessMemory request was completed. (0x12B)
[0507/120542.691:WARNING:pe_image_reader.cc(340)] could not read dos header from C:\windows\System32\SYSFER.DLL
[0507/120542.691:ERROR:process_memory_win.cc(73)] ReadMemory at 0x7ffb27aa0000 of 64 bytes failed: Only part of a ReadProcessMemory or WriteProcessMemory request was completed. (0x12B)
[0507/120542.691:WARNING:pe_image_reader.cc(340)] could not read dos header from C:\Program Files (x86)\Google\Chrome\Application\81.0.4044.138\chrome_elf.dll
[0507/120542.691:ERROR:process_memory_win.cc(73)] ReadMemory at 0x7ffb608e0000 of 64 bytes failed: Only part of a ReadProcessMemory or WriteProcessMemory request was completed. (0x12B)
[0507/120542.691:WARNING:pe_image_reader.cc(340)] could not read dos header from C:\windows\SYSTEM32\VERSION.dll
[0507/120542.691:ERROR:process_memory_win.cc(73)] ReadMemory at 0x7ffb6ddd0000 of 64 bytes failed: Only part of a ReadProcessMemory or WriteProcessMemory request was completed. (0x12B)
[0507/120542.691:WARNING:pe_image_reader.cc(340)] could not read dos header from C:\windows\System32\msvcrt.dll
[0507/120542.691:ERROR:process_memory_win.cc(73)] ReadMemory at 0x68000000 of 64 bytes failed: Only part of a ReadProcessMemory or WriteProcessMemory request was completed. (0x12B)
[0507/120542.691:WARNING:pe_image_reader.cc(340)] could not read dos header from C:\windows\System32\QIPCAP64.dll
[0507/120542.691:ERROR:process_memory_win.cc(73)] ReadMemory at 0x7ffb6f520000 of 64 bytes failed: Only part of a ReadProcessMemory or WriteProcessMemory request was completed. (0x12B)
[0507/120542.691:WARNING:pe_image_reader.cc(340)] could not read dos header from C:\windows\System32\ADVAPI32.dll
[0507/120542.691:ERROR:process_memory_win.cc(73)] ReadMemory at 0x7ffb6dd30000 of 64 bytes failed: Only part of a ReadProcessMemory or WriteProcessMemory request was completed. (0x12B)
[0507/120542.691:WARNING:pe_image_reader.cc(340)] could not read dos header from C:\windows\System32\sechost.dll
[0507/120542.691:ERROR:process_memory_win.cc(73)] ReadMemory at 0x7ffb6f5e0000 of 64 bytes failed: Only part of a ReadProcessMemory or WriteProcessMemory request was completed. (0x12B)
[0507/120542.691:WARNING:pe_image_reader.cc(340)] could not read dos header from C:\windows\System32\RPCRT4.dll
[0507/120542.691:ERROR:process_memory_win.cc(73)] ReadMemory at 0x7ffb6de70000 of 64 bytes failed: Only part of a ReadProcessMemory or WriteProcessMemory request was completed. (0x12B)
[0507/120542.691:WARNING:pe_image_reader.cc(340)] could not read dos header from C:\windows\System32\SHELL32.dll
[0507/120542.691:ERROR:process_memory_win.cc(73)] ReadMemory at 0x7ffb6d700000 of 64 bytes failed: Only part of a ReadProcessMemory or WriteProcessMemory request was completed. (0x12B)
[0507/120542.691:WARNING:pe_image_reader.cc(340)] could not read dos header from C:\windows\System32\ucrtbase.dll
[0507/120542.692:ERROR:process_memory_win.cc(73)] ReadMemory at 0x7ffb6d680000 of 64 bytes failed: Only part of a ReadProcessMemory or WriteProcessMemory request was completed. (0x12B)
[0507/120542.692:WARNING:pe_image_reader.cc(340)] could not read dos header from C:\windows\System32\cfgmgr32.dll
[0507/120542.692:ERROR:process_memory_win.cc(73)] ReadMemory at 0x7ffb6e560000 of 64 bytes failed: Only part of a ReadProcessMemory or WriteProcessMemory request was completed. (0x12B)
[0507/120542.692:WARNING:pe_image_reader.cc(340)] could not read dos header from C:\windows\System32\shcore.dll
[0507/120542.692:ERROR:process_memory_win.cc(73)] ReadMemory at 0x7ffb6f110000 of 64 bytes failed: Only part of a ReadProcessMemory or WriteProcessMemory request was completed. (0x12B)
[0507/120542.692:WARNING:pe_image_reader.cc(340)] could not read dos header from C:\windows\System32\combase.dll
[0507/120542.692:ERROR:process_memory_win.cc(73)] ReadMemory at 0x7ffb6d860000 of 64 bytes failed: Only part of a ReadProcessMemory or WriteProcessMemory request was completed. (0x12B)
[0507/120542.692:WARNING:pe_image_reader.cc(340)] could not read dos header from C:\windows\System32\bcryptPrimitives.dll
[0507/120542.692:ERROR:process_memory_win.cc(73)] ReadMemory at 0x7ffb6c930000 of 64 bytes failed: Only part of a ReadProcessMemory or WriteProcessMemory request was completed. (0x12B)
[0507/120542.692:WARNING:pe_image_reader.cc(340)] could not read dos header from C:\windows\System32\windows.storage.dll
[0507/120542.692:ERROR:process_memory_win.cc(73)] ReadMemory at 0x7ffb6d500000 of 64 bytes failed: Only part of a ReadProcessMemory or WriteProcessMemory request was completed. (0x12B)
[0507/120542.692:WARNING:pe_image_reader.cc(340)] could not read dos header from C:\windows\System32\msvcp_win.dll
[0507/120542.692:ERROR:process_memory_win.cc(73)] ReadMemory at 0x7ffb6c8e0000 of 64 bytes failed: Only part of a ReadProcessMemory or WriteProcessMemory request was completed. (0x12B)
[0507/120542.692:WARNING:pe_image_reader.cc(340)] could not read dos header from C:\windows\System32\profapi.dll
[0507/120542.692:ERROR:process_memory_win.cc(73)] ReadMemory at 0x7ffb6c890000 of 64 bytes failed: Only part of a ReadProcessMemory or WriteProcessMemory request was completed. (0x12B)
[0507/120542.692:WARNING:pe_image_reader.cc(340)] could not read dos header from C:\windows\System32\powrprof.dll
[0507/120542.692:ERROR:process_memory_win.cc(73)] ReadMemory at 0x7ffb6c860000 of 64 bytes failed: Only part of a ReadProcessMemory or WriteProcessMemory request was completed. (0x12B)
[0507/120542.692:WARNING:pe_image_reader.cc(340)] could not read dos header from C:\windows\System32\UMPDC.dll
[0507/120542.692:ERROR:process_memory_win.cc(73)] ReadMemory at 0x7ffb6e610000 of 64 bytes failed: Only part of a ReadProcessMemory or WriteProcessMemory request was completed. (0x12B)
[0507/120542.692:WARNING:pe_image_reader.cc(340)] could not read dos header from C:\windows\System32\shlwapi.dll
[0507/120542.692:ERROR:process_memory_win.cc(73)] ReadMemory at 0x7ffb6e890000 of 64 bytes failed: Only part of a ReadProcessMemory or WriteProcessMemory request was completed. (0x12B)
[0507/120542.692:WARNING:pe_image_reader.cc(340)] could not read dos header from C:\windows\System32\GDI32.dll
[0507/120542.692:ERROR:process_memory_win.cc(73)] ReadMemory at 0x7ffb6d650000 of 64 bytes failed: Only part of a ReadProcessMemory or WriteProcessMemory request was completed. (0x12B)
[0507/120542.692:WARNING:pe_image_reader.cc(340)] could not read dos header from C:\windows\System32\win32u.dll
[0507/120542.692:ERROR:process_memory_win.cc(73)] ReadMemory at 0x7ffb6d0b0000 of 64 bytes failed: Only part of a ReadProcessMemory or WriteProcessMemory request was completed. (0x12B)
[0507/120542.692:WARNING:pe_image_reader.cc(340)] could not read dos header from C:\windows\System32\gdi32full.dll
[0507/120542.692:ERROR:process_memory_win.cc(73)] ReadMemory at 0x7ffb6ea90000 of 64 bytes failed: Only part of a ReadProcessMemory or WriteProcessMemory request was completed. (0x12B)
[0507/120542.692:WARNING:pe_image_reader.cc(340)] could not read dos header from C:\windows\System32\USER32.dll
[0507/120542.692:ERROR:process_memory_win.cc(73)] ReadMemory at 0x7ffb6c870000 of 64 bytes failed: Only part of a ReadProcessMemory or WriteProcessMemory request was completed. (0x12B)
[0507/120542.693:WARNING:pe_image_reader.cc(340)] could not read dos header from C:\windows\System32\kernel.appcore.dll
[0507/120542.693:ERROR:process_memory_win.cc(73)] ReadMemory at 0x7ffb6d8e0000 of 64 bytes failed: Only part of a ReadProcessMemory or WriteProcessMemory request was completed. (0x12B)
[0507/120542.693:WARNING:pe_image_reader.cc(340)] could not read dos header from C:\windows\System32\cryptsp.dll
[0507/120542.693:ERROR:process_memory_win.cc(73)] ReadMemory at 0x7ffb6bc70000 of 64 bytes failed: Only part of a ReadProcessMemory or WriteProcessMemory request was completed. (0x12B)
[0507/120542.693:WARNING:pe_image_reader.cc(340)] could not read dos header from C:\windows\SYSTEM32\DNSAPI.dll
[0507/120542.693:ERROR:process_memory_win.cc(73)] ReadMemory at 0x269be780000 of 64 bytes failed: Only part of a ReadProcessMemory or WriteProcessMemory request was completed. (0x12B)
[0507/120542.693:WARNING:pe_image_reader.cc(340)] could not read dos header from C:\windows\System32\WS2_32.dll
[0507/120542.693:ERROR:process_memory_win.cc(73)] ReadMemory at 0x269be5a0000 of 64 bytes failed: Only part of a ReadProcessMemory or WriteProcessMemory request was completed. (0x12B)
[0507/120542.693:WARNING:pe_image_reader.cc(340)] could not read dos header from C:\windows\System32\NSI.dll
[0507/120542.693:ERROR:process_memory_win.cc(73)] ReadMemory at 0x7ffb6db20000 of 64 bytes failed: Only part of a ReadProcessMemory or WriteProcessMemory request was completed. (0x12B)
[0507/120542.693:WARNING:pe_image_reader.cc(340)] could not read dos header from C:\windows\System32\IMM32.DLL
[0507/120542.693:ERROR:process_memory_win.cc(73)] ReadMemory at 0x7ffb6bc20000 of 64 bytes failed: Only part of a ReadProcessMemory or WriteProcessMemory request was completed. (0x12B)
[0507/120542.693:WARNING:pe_image_reader.cc(340)] could not read dos header from C:\windows\SYSTEM32\IPHLPAPI.DLL
[0507/120542.693:ERROR:process_memory_win.cc(73)] ReadMemory at 0x7ffad4860000 of 64 bytes failed: Only part of a ReadProcessMemory or WriteProcessMemory request was completed. (0x12B)
[0507/120542.693:WARNING:pe_image_reader.cc(340)] could not read dos header from C:\Program Files (x86)\Google\Chrome\Application\81.0.4044.138\chrome.dll
[0507/120542.693:ERROR:process_memory_win.cc(73)] ReadMemory at 0x7ffb6f450000 of 64 bytes failed: Only part of a ReadProcessMemory or WriteProcessMemory request was completed. (0x12B)
[0507/120542.693:WARNING:pe_image_reader.cc(340)] could not read dos header from C:\windows\System32\OLEAUT32.dll
[0507/120542.693:ERROR:process_memory_win.cc(73)] ReadMemory at 0x7ffb6d800000 of 64 bytes failed: Only part of a ReadProcessMemory or WriteProcessMemory request was completed. (0x12B)
[0507/120542.693:WARNING:pe_image_reader.cc(340)] could not read dos header from C:\windows\System32\WINTRUST.dll
[0507/120542.693:ERROR:process_memory_win.cc(73)] ReadMemory at 0x269bef10000 of 64 bytes failed: Only part of a ReadProcessMemory or WriteProcessMemory request was completed. (0x12B)
[0507/120542.693:WARNING:pe_image_reader.cc(340)] could not read dos header from C:\windows\System32\MSASN1.dll
[0507/120542.693:ERROR:process_memory_win.cc(73)] ReadMemory at 0x7ffb6d900000 of 64 bytes failed: Only part of a ReadProcessMemory or WriteProcessMemory request was completed. (0x12B)
[0507/120542.693:WARNING:pe_image_reader.cc(340)] could not read dos header from C:\windows\System32\CRYPT32.dll
[0507/120542.693:ERROR:process_memory_win.cc(73)] ReadMemory at 0x7ffb5ca60000 of 64 bytes failed: Only part of a ReadProcessMemory or WriteProcessMemory request was completed. (0x12B)
[0507/120542.693:WARNING:pe_image_reader.cc(340)] could not read dos header from C:\windows\SYSTEM32\WINMM.dll
[0507/120542.693:ERROR:process_memory_win.cc(73)] ReadMemory at 0x7ffb5de50000 of 64 bytes failed: Only part of a ReadProcessMemory or WriteProcessMemory request was completed. (0x12B)
[0507/120542.693:WARNING:pe_image_reader.cc(340)] could not read dos header from C:\windows\SYSTEM32\Secur32.dll
[0507/120542.693:ERROR:process_memory_win.cc(73)] ReadMemory at 0x7ffb6c780000 of 64 bytes failed: Only part of a ReadProcessMemory or WriteProcessMemory request was completed. (0x12B)
[0507/120542.693:WARNING:pe_image_reader.cc(340)] could not read dos header from C:\windows\SYSTEM32\USERENV.dll
[0507/120542.693:ERROR:process_memory_win.cc(73)] ReadMemory at 0x7ffb27160000 of 64 bytes failed: Only part of a ReadProcessMemory or WriteProcessMemory request was completed. (0x12B)
[0507/120542.693:WARNING:pe_image_reader.cc(340)] could not read dos header from C:\windows\SYSTEM32\UIAutomationCore.DLL
[0507/120542.693:ERROR:process_memory_win.cc(73)] ReadMemory at 0x7ffb4eb20000 of 64 bytes failed: Only part of a ReadProcessMemory or WriteProcessMemory request was completed. (0x12B)
[0507/120542.693:WARNING:pe_image_reader.cc(340)] could not read dos header from C:\windows\SYSTEM32\DWrite.dll
[0507/120542.693:ERROR:process_memory_win.cc(73)] ReadMemory at 0x7ffb43940000 of 64 bytes failed: Only part of a ReadProcessMemory or WriteProcessMemory request was completed. (0x12B)
[0507/120542.693:WARNING:pe_image_reader.cc(340)] could not read dos header from C:\windows\SYSTEM32\WINSPOOL.DRV
[0507/120542.693:ERROR:process_memory_win.cc(73)] ReadMemory at 0x7ffb6d6d0000 of 64 bytes failed: Only part of a ReadProcessMemory or WriteProcessMemory request was completed. (0x12B)
[0507/120542.693:WARNING:pe_image_reader.cc(340)] could not read dos header from C:\windows\System32\bcrypt.dll
[0507/120542.693:ERROR:process_memory_win.cc(73)] ReadMemory at 0x7ffb6ae10000 of 64 bytes failed: Only part of a ReadProcessMemory or WriteProcessMemory request was completed. (0x12B)
[0507/120542.693:WARNING:pe_image_reader.cc(340)] could not read dos header from C:\windows\SYSTEM32\dbghelp.dll
[0507/120542.693:ERROR:process_memory_win.cc(73)] ReadMemory at 0x7ffb65ba0000 of 64 bytes failed: Only part of a ReadProcessMemory or WriteProcessMemory request was completed. (0x12B)
[0507/120542.693:WARNING:pe_image_reader.cc(340)] could not read dos header from C:\windows\SYSTEM32\WINHTTP.dll
[0507/120542.693:ERROR:process_memory_win.cc(73)] ReadMemory at 0x7ffb61410000 of 64 bytes failed: Only part of a ReadProcessMemory or WriteProcessMemory request was completed. (0x12B)
[0507/120542.693:WARNING:pe_image_reader.cc(340)] could not read dos header from C:\windows\SYSTEM32\dhcpcsvc.DLL
[0507/120542.693:ERROR:process_memory_win.cc(73)] ReadMemory at 0x7ffb5ca30000 of 64 bytes failed: Only part of a ReadProcessMemory or WriteProcessMemory request was completed. (0x12B)
[0507/120542.693:WARNING:pe_image_reader.cc(340)] could not read dos header from C:\windows\SYSTEM32\WINMMBASE.dll
[0507/120542.693:ERROR:process_memory_win.cc(73)] ReadMemory at 0x7ffb67130000 of 64 bytes failed: Only part of a ReadProcessMemory or WriteProcessMemory request was completed. (0x12B)
[0507/120542.693:WARNING:pe_image_reader.cc(340)] could not read dos header from C:\windows\SYSTEM32\PROPSYS.dll
[0507/120542.694:ERROR:process_memory_win.cc(73)] ReadMemory at 0x7ffb6c750000 of 64 bytes failed: Only part of a ReadProcessMemory or WriteProcessMemory request was completed. (0x12B)
[0507/120542.694:WARNING:pe_image_reader.cc(340)] could not read dos header from C:\windows\SYSTEM32\SSPICLI.DLL
[0507/120542.694:ERROR:process_memory_win.cc(73)] ReadMemory at 0x7ffb6c1c0000 of 64 bytes failed: Only part of a ReadProcessMemory or WriteProcessMemory request was completed. (0x12B)
[0507/120542.694:WARNING:pe_image_reader.cc(340)] could not read dos header from C:\windows\SYSTEM32\CRYPTBASE.DLL
[0507/120542.694:ERROR:process_memory_win.cc(73)] ReadMemory at 0x7ff7b6710000 of 64 bytes failed: Only part of a ReadProcessMemory or WriteProcessMemory request was completed. (0x12B)
[0507/120542.694:WARNING:pe_image_reader.cc(340)] could not read dos header from C:\Program Files (x86)\Google\Chrome\Application\chrome.exe
[0507/120542.694:ERROR:process_memory_win.cc(73)] ReadMemory at 0x7ffb6f9a0000 of 64 bytes failed: Only part of a ReadProcessMemory or WriteProcessMemory request was completed. (0x12B)
[0507/120542.694:WARNING:pe_image_reader.cc(340)] could not read dos header from C:\windows\SYSTEM32\ntdll.dll
[0507/120542.694:ERROR:process_memory_win.cc(73)] ReadMemory at 0x7ffb6e670000 of 64 bytes failed: Only part of a ReadProcessMemory or WriteProcessMemory request was completed. (0x12B)
[0507/120542.694:WARNING:pe_image_reader.cc(340)] could not read dos header from C:\windows\System32\KERNEL32.DLL
[0507/120542.694:ERROR:process_memory_win.cc(73)] ReadMemory at 0x7ffb6d250000 of 64 bytes failed: Only part of a ReadProcessMemory or WriteProcessMemory request was completed. (0x12B)
[0507/120542.694:WARNING:pe_image_reader.cc(340)] could not read dos header from C:\windows\System32\KERNELBASE.dll
[0507/120542.694:ERROR:process_memory_win.cc(73)] ReadMemory at 0x51e20000 of 64 bytes failed: Only part of a ReadProcessMemory or WriteProcessMemory request was completed. (0x12B)
[0507/120542.694:WARNING:pe_image_reader.cc(340)] could not read dos header from C:\windows\System32\SYSFER.DLL
[0507/120542.694:ERROR:process_memory_win.cc(73)] ReadMemory at 0x7ffb27aa0000 of 64 bytes failed: Only part of a ReadProcessMemory or WriteProcessMemory request was completed. (0x12B)
[0507/120542.694:WARNING:pe_image_reader.cc(340)] could not read dos header from C:\Program Files (x86)\Google\Chrome\Application\81.0.4044.138\chrome_elf.dll
[0507/120542.694:ERROR:process_memory_win.cc(73)] ReadMemory at 0x7ffb608e0000 of 64 bytes failed: Only part of a ReadProcessMemory or WriteProcessMemory request was completed. (0x12B)
[0507/120542.694:WARNING:pe_image_reader.cc(340)] could not read dos header from C:\windows\SYSTEM32\VERSION.dll
[0507/120542.694:ERROR:process_memory_win.cc(73)] ReadMemory at 0x7ffb6ddd0000 of 64 bytes failed: Only part of a ReadProcessMemory or WriteProcessMemory request was completed. (0x12B)
[0507/120542.694:WARNING:pe_image_reader.cc(340)] could not read dos header from C:\windows\System32\msvcrt.dll
[0507/120542.694:ERROR:process_memory_win.cc(73)] ReadMemory at 0x68000000 of 64 bytes failed: Only part of a ReadProcessMemory or WriteProcessMemory request was completed. (0x12B)
[0507/120542.694:WARNING:pe_image_reader.cc(340)] could not read dos header from C:\windows\System32\QIPCAP64.dll
[0507/120542.694:ERROR:process_memory_win.cc(73)] ReadMemory at 0x7ffb6f520000 of 64 bytes failed: Only part of a ReadProcessMemory or WriteProcessMemory request was completed. (0x12B)
[0507/120542.694:WARNING:pe_image_reader.cc(340)] could not read dos header from C:\windows\System32\ADVAPI32.dll
[0507/120542.694:ERROR:process_memory_win.cc(73)] ReadMemory at 0x7ffb6dd30000 of 64 bytes failed: Only part of a ReadProcessMemory or WriteProcessMemory request was completed. (0x12B)
[0507/120542.695:WARNING:pe_image_reader.cc(340)] could not read dos header from C:\windows\System32\sechost.dll
[0507/120542.695:ERROR:process_memory_win.cc(73)] ReadMemory at 0x7ffb6f5e0000 of 64 bytes failed: Only part of a ReadProcessMemory or WriteProcessMemory request was completed. (0x12B)
[0507/120542.695:WARNING:pe_image_reader.cc(340)] could not read dos header from C:\windows\System32\RPCRT4.dll
[0507/120542.695:ERROR:process_memory_win.cc(73)] ReadMemory at 0x7ffb6de70000 of 64 bytes failed: Only part of a ReadProcessMemory or WriteProcessMemory request was completed. (0x12B)
[0507/120542.695:WARNING:pe_image_reader.cc(340)] could not read dos header from C:\windows\System32\SHELL32.dll
[0507/120542.695:ERROR:process_memory_win.cc(73)] ReadMemory at 0x7ffb6d700000 of 64 bytes failed: Only part of a ReadProcessMemory or WriteProcessMemory request was completed. (0x12B)
[0507/120542.695:WARNING:pe_image_reader.cc(340)] could not read dos header from C:\windows\System32\ucrtbase.dll
[0507/120542.695:ERROR:process_memory_win.cc(73)] ReadMemory at 0x7ffb6d680000 of 64 bytes failed: Only part of a ReadProcessMemory or WriteProcessMemory request was completed. (0x12B)
[0507/120542.695:WARNING:pe_image_reader.cc(340)] could not read dos header from C:\windows\System32\cfgmgr32.dll
[0507/120542.695:ERROR:process_memory_win.cc(73)] ReadMemory at 0x7ffb6e560000 of 64 bytes failed: Only part of a ReadProcessMemory or WriteProcessMemory request was completed. (0x12B)
[0507/120542.695:WARNING:pe_image_reader.cc(340)] could not read dos header from C:\windows\System32\shcore.dll
[0507/120542.695:ERROR:process_memory_win.cc(73)] ReadMemory at 0x7ffb6f110000 of 64 bytes failed: Only part of a ReadProcessMemory or WriteProcessMemory request was completed. (0x12B)
[0507/120542.695:WARNING:pe_image_reader.cc(340)] could not read dos header from C:\windows\System32\combase.dll
[0507/120542.695:ERROR:process_memory_win.cc(73)] ReadMemory at 0x7ffb6d860000 of 64 bytes failed: Only part of a ReadProcessMemory or WriteProcessMemory request was completed. (0x12B)
[0507/120542.695:WARNING:pe_image_reader.cc(340)] could not read dos header from C:\windows\System32\bcryptPrimitives.dll
[0507/120542.695:ERROR:process_memory_win.cc(73)] ReadMemory at 0x7ffb6c930000 of 64 bytes failed: Only part of a ReadProcessMemory or WriteProcessMemory request was completed. (0x12B)
[0507/120542.695:WARNING:pe_image_reader.cc(340)] could not read dos header from C:\windows\System32\windows.storage.dll
[0507/120542.695:ERROR:process_memory_win.cc(73)] ReadMemory at 0x7ffb6d500000 of 64 bytes failed: Only part of a ReadProcessMemory or WriteProcessMemory request was completed. (0x12B)
[0507/120542.695:WARNING:pe_image_reader.cc(340)] could not read dos header from C:\windows\System32\msvcp_win.dll
[0507/120542.696:ERROR:process_memory_win.cc(73)] ReadMemory at 0x7ffb6c8e0000 of 64 bytes failed: Only part of a ReadProcessMemory or WriteProcessMemory request was completed. (0x12B)
[0507/120542.696:WARNING:pe_image_reader.cc(340)] could not read dos header from C:\windows\System32\profapi.dll
[0507/120542.696:ERROR:process_memory_win.cc(73)] ReadMemory at 0x7ffb6c890000 of 64 bytes failed: Only part of a ReadProcessMemory or WriteProcessMemory request was completed. (0x12B)
[0507/120542.696:WARNING:pe_image_reader.cc(340)] could not read dos header from C:\windows\System32\powrprof.dll
[0507/120542.696:ERROR:process_memory_win.cc(73)] ReadMemory at 0x7ffb6c860000 of 64 bytes failed: Only part of a ReadProcessMemory or WriteProcessMemory request was completed. (0x12B)
[0507/120542.696:WARNING:pe_image_reader.cc(340)] could not read dos header from C:\windows\System32\UMPDC.dll
[0507/120542.696:ERROR:process_memory_win.cc(73)] ReadMemory at 0x7ffb6e610000 of 64 bytes failed: Only part of a ReadProcessMemory or WriteProcessMemory request was completed. (0x12B)
[0507/120542.696:WARNING:pe_image_reader.cc(340)] could not read dos header from C:\windows\System32\shlwapi.dll
[0507/120542.696:ERROR:process_memory_win.cc(73)] ReadMemory at 0x7ffb6e890000 of 64 bytes failed: Only part of a ReadProcessMemory or WriteProcessMemory request was completed. (0x12B)
[0507/120542.696:WARNING:pe_image_reader.cc(340)] could not read dos header from C:\windows\System32\GDI32.dll
[0507/120542.696:ERROR:process_memory_win.cc(73)] ReadMemory at 0x7ffb6d650000 of 64 bytes failed: Only part of a ReadProcessMemory or WriteProcessMemory request was completed. (0x12B)
[0507/120542.696:WARNING:pe_image_reader.cc(340)] could not read dos header from C:\windows\System32\win32u.dll
[0507/120542.696:ERROR:process_memory_win.cc(73)] ReadMemory at 0x7ffb6d0b0000 of 64 bytes failed: Only part of a ReadProcessMemory or WriteProcessMemory request was completed. (0x12B)
[0507/120542.696:WARNING:pe_image_reader.cc(340)] could not read dos header from C:\windows\System32\gdi32full.dll
[0507/120542.696:ERROR:process_memory_win.cc(73)] ReadMemory at 0x7ffb6ea90000 of 64 bytes failed: Only part of a ReadProcessMemory or WriteProcessMemory request was completed. (0x12B)
[0507/120542.696:WARNING:pe_image_reader.cc(340)] could not read dos header from C:\windows\System32\USER32.dll
[0507/120542.696:ERROR:process_memory_win.cc(73)] ReadMemory at 0x7ffb6c870000 of 64 bytes failed: Only part of a ReadProcessMemory or WriteProcessMemory request was completed. (0x12B)
[0507/120542.696:WARNING:pe_image_reader.cc(340)] could not read dos header from C:\windows\System32\kernel.appcore.dll
[0507/120542.696:ERROR:process_memory_win.cc(73)] ReadMemory at 0x7ffb6d8e0000 of 64 bytes failed: Only part of a ReadProcessMemory or WriteProcessMemory request was completed. (0x12B)
[0507/120542.696:WARNING:pe_image_reader.cc(340)] could not read dos header from C:\windows\System32\cryptsp.dll
[0507/120542.697:ERROR:process_memory_win.cc(73)] ReadMemory at 0x7ffb6bc70000 of 64 bytes failed: Only part of a ReadProcessMemory or WriteProcessMemory request was completed. (0x12B)
[0507/120542.697:WARNING:pe_image_reader.cc(340)] could not read dos header from C:\windows\SYSTEM32\DNSAPI.dll
[0507/120542.697:ERROR:process_memory_win.cc(73)] ReadMemory at 0x269be780000 of 64 bytes failed: Only part of a ReadProcessMemory or WriteProcessMemory request was completed. (0x12B)
[0507/120542.697:WARNING:pe_image_reader.cc(340)] could not read dos header from C:\windows\System32\WS2_32.dll
[0507/120542.697:ERROR:process_memory_win.cc(73)] ReadMemory at 0x269be5a0000 of 64 bytes failed: Only part of a ReadProcessMemory or WriteProcessMemory request was completed. (0x12B)
[0507/120542.697:WARNING:pe_image_reader.cc(340)] could not read dos header from C:\windows\System32\NSI.dll
[0507/120542.697:ERROR:process_memory_win.cc(73)] ReadMemory at 0x7ffb6db20000 of 64 bytes failed: Only part of a ReadProcessMemory or WriteProcessMemory request was completed. (0x12B)
[0507/120542.697:WARNING:pe_image_reader.cc(340)] could not read dos header from C:\windows\System32\IMM32.DLL
[0507/120542.697:ERROR:process_memory_win.cc(73)] ReadMemory at 0x7ffb6bc20000 of 64 bytes failed: Only part of a ReadProcessMemory or WriteProcessMemory request was completed. (0x12B)
[0507/120542.697:WARNING:pe_image_reader.cc(340)] could not read dos header from C:\windows\SYSTEM32\IPHLPAPI.DLL
[0507/120542.697:ERROR:process_memory_win.cc(73)] ReadMemory at 0x7ffad4860000 of 64 bytes failed: Only part of a ReadProcessMemory or WriteProcessMemory request was completed. (0x12B)
[0507/120542.697:WARNING:pe_image_reader.cc(340)] could not read dos header from C:\Program Files (x86)\Google\Chrome\Application\81.0.4044.138\chrome.dll
[0507/120542.697:ERROR:process_memory_win.cc(73)] ReadMemory at 0x7ffb6f450000 of 64 bytes failed: Only part of a ReadProcessMemory or WriteProcessMemory request was completed. (0x12B)
[0507/120542.697:WARNING:pe_image_reader.cc(340)] could not read dos header from C:\windows\System32\OLEAUT32.dll
[0507/120542.697:ERROR:process_memory_win.cc(73)] ReadMemory at 0x7ffb6d800000 of 64 bytes failed: Only part of a ReadProcessMemory or WriteProcessMemory request was completed. (0x12B)
[0507/120542.697:WARNING:pe_image_reader.cc(340)] could not read dos header from C:\windows\System32\WINTRUST.dll
[0507/120542.697:ERROR:process_memory_win.cc(73)] ReadMemory at 0x269bef10000 of 64 bytes failed: Only part of a ReadProcessMemory or WriteProcessMemory request was completed. (0x12B)
[0507/120542.697:WARNING:pe_image_reader.cc(340)] could not read dos header from C:\windows\System32\MSASN1.dll
[0507/120542.698:ERROR:process_memory_win.cc(73)] ReadMemory at 0x7ffb6d900000 of 64 bytes failed: Only part of a ReadProcessMemory or WriteProcessMemory request was completed. (0x12B)
[0507/120542.698:WARNING:pe_image_reader.cc(340)] could not read dos header from C:\windows\System32\CRYPT32.dll
[0507/120542.698:ERROR:process_memory_win.cc(73)] ReadMemory at 0x7ffb5ca60000 of 64 bytes failed: Only part of a ReadProcessMemory or WriteProcessMemory request was completed. (0x12B)
[0507/120542.698:WARNING:pe_image_reader.cc(340)] could not read dos header from C:\windows\SYSTEM32\WINMM.dll
[0507/120542.698:ERROR:process_memory_win.cc(73)] ReadMemory at 0x7ffb5de50000 of 64 bytes failed: Only part of a ReadProcessMemory or WriteProcessMemory request was completed. (0x12B)
[0507/120542.698:WARNING:pe_image_reader.cc(340)] could not read dos header from C:\windows\SYSTEM32\Secur32.dll
[0507/120542.698:ERROR:process_memory_win.cc(73)] ReadMemory at 0x7ffb6c780000 of 64 bytes failed: Only part of a ReadProcessMemory or WriteProcessMemory request was completed. (0x12B)
[0507/120542.698:WARNING:pe_image_reader.cc(340)] could not read dos header from C:\windows\SYSTEM32\USERENV.dll
[0507/120542.698:ERROR:process_memory_win.cc(73)] ReadMemory at 0x7ffb27160000 of 64 bytes failed: Only part of a ReadProcessMemory or WriteProcessMemory request was completed. (0x12B)
[0507/120542.698:WARNING:pe_image_reader.cc(340)] could not read dos header from C:\windows\SYSTEM32\UIAutomationCore.DLL
[0507/120542.698:ERROR:process_memory_win.cc(73)] ReadMemory at 0x7ffb4eb20000 of 64 bytes failed: Only part of a ReadProcessMemory or WriteProcessMemory request was completed. (0x12B)
[0507/120542.698:WARNING:pe_image_reader.cc(340)] could not read dos header from C:\windows\SYSTEM32\DWrite.dll
[0507/120542.698:ERROR:process_memory_win.cc(73)] ReadMemory at 0x7ffb43940000 of 64 bytes failed: Only part of a ReadProcessMemory or WriteProcessMemory request was completed. (0x12B)
[0507/120542.698:WARNING:pe_image_reader.cc(340)] could not read dos header from C:\windows\SYSTEM32\WINSPOOL.DRV
[0507/120542.698:ERROR:process_memory_win.cc(73)] ReadMemory at 0x7ffb6d6d0000 of 64 bytes failed: Only part of a ReadProcessMemory or WriteProcessMemory request was completed. (0x12B)
[0507/120542.698:WARNING:pe_image_reader.cc(340)] could not read dos header from C:\windows\System32\bcrypt.dll
[0507/120542.698:ERROR:process_memory_win.cc(73)] ReadMemory at 0x7ffb6ae10000 of 64 bytes failed: Only part of a ReadProcessMemory or WriteProcessMemory request was completed. (0x12B)
[0507/120542.699:WARNING:pe_image_reader.cc(340)] could not read dos header from C:\windows\SYSTEM32\dbghelp.dll
[0507/120542.699:ERROR:process_memory_win.cc(73)] ReadMemory at 0x7ffb65ba0000 of 64 bytes failed: Only part of a ReadProcessMemory or WriteProcessMemory request was completed. (0x12B)
[0507/120542.699:WARNING:pe_image_reader.cc(340)] could not read dos header from C:\windows\SYSTEM32\WINHTTP.dll
[0507/120542.699:ERROR:process_memory_win.cc(73)] ReadMemory at 0x7ffb61410000 of 64 bytes failed: Only part of a ReadProcessMemory or WriteProcessMemory request was completed. (0x12B)
[0507/120542.699:WARNING:pe_image_reader.cc(340)] could not read dos header from C:\windows\SYSTEM32\dhcpcsvc.DLL
[0507/120542.699:ERROR:process_memory_win.cc(73)] ReadMemory at 0x7ffb5ca30000 of 64 bytes failed: Only part of a ReadProcessMemory or WriteProcessMemory request was completed. (0x12B)
[0507/120542.699:WARNING:pe_image_reader.cc(340)] could not read dos header from C:\windows\SYSTEM32\WINMMBASE.dll
[0507/120542.699:ERROR:process_memory_win.cc(73)] ReadMemory at 0x7ffb67130000 of 64 bytes failed: Only part of a ReadProcessMemory or WriteProcessMemory request was completed. (0x12B)
[0507/120542.699:WARNING:pe_image_reader.cc(340)] could not read dos header from C:\windows\SYSTEM32\PROPSYS.dll
[0507/120542.699:ERROR:process_memory_win.cc(73)] ReadMemory at 0x7ffb6c750000 of 64 bytes failed: Only part of a ReadProcessMemory or WriteProcessMemory request was completed. (0x12B)
[0507/120542.699:WARNING:pe_image_reader.cc(340)] could not read dos header from C:\windows\SYSTEM32\SSPICLI.DLL
[0507/120542.699:ERROR:process_memory_win.cc(73)] ReadMemory at 0x7ffb6c1c0000 of 64 bytes failed: Only part of a ReadProcessMemory or WriteProcessMemory request was completed. (0x12B)
[0507/120542.699:WARNING:pe_image_reader.cc(340)] could not read dos header from C:\windows\SYSTEM32\CRYPTBASE.DLL
[0507/120542.720:ERROR:process_memory_win.cc(73)] ReadMemory at 0xeb5c3f4000 of 49152 bytes failed: Only part of a ReadProcessMemory or WriteProcessMemory request was completed. (0x12B)
[0507/120542.721:ERROR:process_memory_win.cc(73)] ReadMemory at 0xeb5cbfd000 of 12288 bytes failed: Only part of a ReadProcessMemory or WriteProcessMemory request was completed. (0x12B)
[0507/120542.721:ERROR:process_memory_win.cc(73)] ReadMemory at 0xeb5dbfd000 of 12288 bytes failed: Only part of a ReadProcessMemory or WriteProcessMemory request was completed. (0x12B)
[0507/120542.721:ERROR:process_memory_win.cc(73)] ReadMemory at 0xeb5e3fb000 of 20480 bytes failed: Only part of a ReadProcessMemory or WriteProcessMemory request was completed. (0x12B)
[0507/120542.721:ERROR:process_memory_win.cc(73)] ReadMemory at 0xeb5ebff000 of 4096 bytes failed: Only part of a ReadProcessMemory or WriteProcessMemory request was completed. (0x12B)
[0507/120542.721:ERROR:process_memory_win.cc(73)] ReadMemory at 0xeb5f3fd000 of 12288 bytes failed: Only part of a ReadProcessMemory or WriteProcessMemory request was completed. (0x12B)
[0507/120542.721:ERROR:process_memory_win.cc(73)] ReadMemory at 0xeb5fbfb000 of 20480 bytes failed: Only part of a ReadProcessMemory or WriteProcessMemory request was completed. (0x12B)
[0507/120542.721:ERROR:process_memory_win.cc(73)] ReadMemory at 0xeb60bfd000 of 12288 bytes failed: Only part of a ReadProcessMemory or WriteProcessMemory request was completed. (0x12B)
[0507/120542.721:ERROR:process_memory_win.cc(73)] ReadMemory at 0xeb613fd000 of 12288 bytes failed: Only part of a ReadProcessMemory or WriteProcessMemory request was completed. (0x12B)
[0507/120542.722:ERROR:process_memory_win.cc(73)] ReadMemory at 0xeb61bfd000 of 12288 bytes failed: Only part of a ReadProcessMemory or WriteProcessMemory request was completed. (0x12B)
[0507/120542.722:ERROR:process_memory_win.cc(73)] ReadMemory at 0xeb623fd000 of 12288 bytes failed: Only part of a ReadProcessMemory or WriteProcessMemory request was completed. (0x12B)
[0507/120542.722:ERROR:process_memory_win.cc(73)] ReadMemory at 0xeb62bfd000 of 12288 bytes failed: Only part of a ReadProcessMemory or WriteProcessMemory request was completed. (0x12B)
[0507/120542.722:ERROR:process_memory_win.cc(73)] ReadMemory at 0xeb633fd000 of 12288 bytes failed: Only part of a ReadProcessMemory or WriteProcessMemory request was completed. (0x12B)
[0507/120542.722:ERROR:process_memory_win.cc(73)] ReadMemory at 0xeb5d3f9000 of 28672 bytes failed: Only part of a ReadProcessMemory or WriteProcessMemory request was completed. (0x12B)
[0507/120542.722:ERROR:process_memory_win.cc(73)] ReadMemory at 0xeb643fd000 of 12288 bytes failed: Only part of a ReadProcessMemory or WriteProcessMemory request was completed. (0x12B)
[0507/120542.722:ERROR:process_memory_win.cc(73)] ReadMemory at 0xeb603fc000 of 16384 bytes failed: Only part of a ReadProcessMemory or WriteProcessMemory request was completed. (0x12B)
[0507/120542.722:ERROR:process_memory_win.cc(73)] ReadMemory at 0xeb63bfc000 of 16384 bytes failed: Only part of a ReadProcessMemory or WriteProcessMemory request was completed. (0x12B)
[0507/120542.722:ERROR:process_memory_win.cc(73)] ReadMemory at 0xeb64bfd000 of 12288 bytes failed: Only part of a ReadProcessMemory or WriteProcessMemory request was completed. (0x12B)
[0507/120542.722:ERROR:process_memory_win.cc(73)] ReadMemory at 0xeb5ba02000 of 6024 bytes failed: Only part of a ReadProcessMemory or WriteProcessMemory request was completed. (0x12B)
[0507/120542.722:ERROR:process_memory_win.cc(73)] ReadMemory at 0xeb5ba04000 of 6024 bytes failed: Only part of a ReadProcessMemory or WriteProcessMemory request was completed. (0x12B)
[0507/120542.723:ERROR:process_memory_win.cc(73)] ReadMemory at 0xeb5ba06000 of 6024 bytes failed: Only part of a ReadProcessMemory or WriteProcessMemory request was completed. (0x12B)
[0507/120542.723:ERROR:process_memory_win.cc(73)] ReadMemory at 0xeb5ba08000 of 6024 bytes failed: Only part of a ReadProcessMemory or WriteProcessMemory request was completed. (0x12B)
[0507/120542.723:ERROR:process_memory_win.cc(73)] ReadMemory at 0xeb5ba0a000 of 6024 bytes failed: Only part of a ReadProcessMemory or WriteProcessMemory request was completed. (0x12B)
[0507/120542.723:ERROR:process_memory_win.cc(73)] ReadMemory at 0xeb5ba0e000 of 6024 bytes failed: Only part of a ReadProcessMemory or WriteProcessMemory request was completed. (0x12B)
[0507/120542.723:ERROR:process_memory_win.cc(73)] ReadMemory at 0xeb5ba10000 of 6024 bytes failed: Only part of a ReadProcessMemory or WriteProcessMemory request was completed. (0x12B)
[0507/120542.723:ERROR:process_memory_win.cc(73)] ReadMemory at 0xeb5ba12000 of 6024 bytes failed: Only part of a ReadProcessMemory or WriteProcessMemory request was completed. (0x12B)
[0507/120542.723:ERROR:process_memory_win.cc(73)] ReadMemory at 0xeb5ba14000 of 6024 bytes failed: Only part of a ReadProcessMemory or WriteProcessMemory request was completed. (0x12B)
[0507/120542.723:ERROR:process_memory_win.cc(73)] ReadMemory at 0xeb5ba16000 of 6024 bytes failed: Only part of a ReadProcessMemory or WriteProcessMemory request was completed. (0x12B)
[0507/120542.723:ERROR:process_memory_win.cc(73)] ReadMemory at 0xeb5ba18000 of 6024 bytes failed: Only part of a ReadProcessMemory or WriteProcessMemory request was completed. (0x12B)
[0507/120542.723:ERROR:process_memory_win.cc(73)] ReadMemory at 0xeb5ba26000 of 6024 bytes failed: Only part of a ReadProcessMemory or WriteProcessMemory request was completed. (0x12B)
[0507/120542.723:ERROR:process_memory_win.cc(73)] ReadMemory at 0xeb5ba2a000 of 6024 bytes failed: Only part of a ReadProcessMemory or WriteProcessMemory request was completed. (0x12B)
[0507/120542.724:ERROR:process_memory_win.cc(73)] ReadMemory at 0xeb5ba2c000 of 6024 bytes failed: Only part of a ReadProcessMemory or WriteProcessMemory request was completed. (0x12B)
[0507/120542.724:ERROR:process_memory_win.cc(73)] ReadMemory at 0xeb5ba2e000 of 6024 bytes failed: Only part of a ReadProcessMemory or WriteProcessMemory request was completed. (0x12B)
[0507/120542.724:ERROR:process_memory_win.cc(73)] ReadMemory at 0xeb5ba30000 of 6024 bytes failed: Only part of a ReadProcessMemory or WriteProcessMemory request was completed. (0x12B)
[0507/120542.724:ERROR:process_memory_win.cc(73)] ReadMemory at 0xeb5bbf8000 of 852 bytes failed: Only part of a ReadProcessMemory or WriteProcessMemory request was completed. (0x12B)
[0507/120542.725:ERROR:process_memory_win.cc(73)] ReadMemory at 0xeb5bbf9000 of 6024 bytes failed: Only part of a ReadProcessMemory or WriteProcessMemory request was completed. (0x12B)
[0507/120542.725:ERROR:process_memory_win.cc(73)] ReadMemory at 0xeb5bbfd000 of 6024 bytes failed: Only part of a ReadProcessMemory or WriteProcessMemory request was completed. (0x12B)
[0507/120542.725:ERROR:process_memory_win.cc(73)] ReadMemory at 0x269be460fe0 of 4652 bytes failed: Only part of a ReadProcessMemory or WriteProcessMemory request was completed. (0x12B)
[0507/120542.725:ERROR:process_memory_win.cc(73)] ReadMemory at 0x269be462220 of 1012 bytes failed: Only part of a ReadProcessMemory or WriteProcessMemory request was completed. (0x12B)
[0507/120542.725:ERROR:process_memory_win.cc(73)] ReadMemory at 0x269be462868 of 118 bytes failed: Only part of a ReadProcessMemory or WriteProcessMemory request was completed. (0x12B)
[0507/120542.725:ERROR:process_memory_win.cc(73)] ReadMemory at 0x269be4628e0 of 758 bytes failed: Only part of a ReadProcessMemory or WriteProcessMemory request was completed. (0x12B)
[0507/120542.725:ERROR:process_memory_win.cc(73)] ReadMemory at 0x269be462bd8 of 118 bytes failed: Only part of a ReadProcessMemory or WriteProcessMemory request was completed. (0x12B)
[0507/120542.725:ERROR:process_memory_win.cc(73)] ReadMemory at 0x269be462c50 of 98 bytes failed: Only part of a ReadProcessMemory or WriteProcessMemory request was completed. (0x12B)
[0507/120542.725:ERROR:process_memory_win.cc(73)] ReadMemory at 0x269be462cc0 of 58 bytes failed: Only part of a ReadProcessMemory or WriteProcessMemory request was completed. (0x12B)
[0507/120542.725:ERROR:process_memory_win.cc(73)] ReadMemory at 0x269be462dc0 of 132 bytes failed: Only part of a ReadProcessMemory or WriteProcessMemory request was completed. (0x12B)
[0507/120542.725:ERROR:process_memory_win.cc(73)] ReadMemory at 0x269be462f50 of 132 bytes failed: Only part of a ReadProcessMemory or WriteProcessMemory request was completed. (0x12B)
[0507/120542.725:ERROR:process_memory_win.cc(73)] ReadMemory at 0x269be463110 of 126 bytes failed: Only part of a ReadProcessMemory or WriteProcessMemory request was completed. (0x12B)
[0507/120542.725:ERROR:process_memory_win.cc(73)] ReadMemory at 0x269be4634f0 of 132 bytes failed: Only part of a ReadProcessMemory or WriteProcessMemory request was completed. (0x12B)
[0507/120542.725:ERROR:process_memory_win.cc(73)] ReadMemory at 0x269be463680 of 64 bytes failed: Only part of a ReadProcessMemory or WriteProcessMemory request was completed. (0x12B)
[0507/120542.725:ERROR:process_memory_win.cc(73)] ReadMemory at 0x269be4637e0 of 132 bytes failed: Only part of a ReadProcessMemory or WriteProcessMemory request was completed. (0x12B)
[0507/120542.725:ERROR:process_memory_win.cc(73)] ReadMemory at 0x269be463970 of 60 bytes failed: Only part of a ReadProcessMemory or WriteProcessMemory request was completed. (0x12B)
[0507/120542.725:ERROR:process_memory_win.cc(73)] ReadMemory at 0x269be463ae0 of 132 bytes failed: Only part of a ReadProcessMemory or WriteProcessMemory request was completed. (0x12B)
[0507/120542.726:ERROR:process_memory_win.cc(73)] ReadMemory at 0x269be463c70 of 68 bytes failed: Only part of a ReadProcessMemory or WriteProcessMemory request was completed. (0x12B)
[0507/120542.726:ERROR:process_memory_win.cc(73)] ReadMemory at 0x269be464d10 of 132 bytes failed: Only part of a ReadProcessMemory or WriteProcessMemory request was completed. (0x12B)
[0507/120542.726:ERROR:process_memory_win.cc(73)] ReadMemory at 0x269be464e80 of 132 bytes failed: Only part of a ReadProcessMemory or WriteProcessMemory request was completed. (0x12B)
[0507/120542.726:ERROR:process_memory_win.cc(73)] ReadMemory at 0x269be465090 of 132 bytes failed: Only part of a ReadProcessMemory or WriteProcessMemory request was completed. (0x12B)
[0507/120542.726:ERROR:process_memory_win.cc(73)] ReadMemory at 0x269be4651c0 of 154 bytes failed: Only part of a ReadProcessMemory or WriteProcessMemory request was completed. (0x12B)
[0507/120542.726:ERROR:process_memory_win.cc(73)] ReadMemory at 0x269be465fc0 of 62 bytes failed: Only part of a ReadProcessMemory or WriteProcessMemory request was completed. (0x12B)
[0507/120542.726:ERROR:process_memory_win.cc(73)] ReadMemory at 0x269be466010 of 132 bytes failed: Only part of a ReadProcessMemory or WriteProcessMemory request was completed. (0x12B)
[0507/120542.726:ERROR:process_memory_win.cc(73)] ReadMemory at 0x269be4661b0 of 60 bytes failed: Only part of a ReadProcessMemory or WriteProcessMemory request was completed. (0x12B)
[0507/120542.726:ERROR:process_memory_win.cc(73)] ReadMemory at 0x269be466720 of 132 bytes failed: Only part of a ReadProcessMemory or WriteProcessMemory request was completed. (0x12B)
[0507/120542.726:ERROR:process_memory_win.cc(73)] ReadMemory at 0x269be46c210 of 62 bytes failed: Only part of a ReadProcessMemory or WriteProcessMemory request was completed. (0x12B)
[0507/120542.726:ERROR:process_memory_win.cc(73)] ReadMemory at 0x269be46c260 of 62 bytes failed: Only part of a ReadProcessMemory or WriteProcessMemory request was completed. (0x12B)
[0507/120542.726:ERROR:process_memory_win.cc(73)] ReadMemory at 0x269be46c2b0 of 64 bytes failed: Only part of a ReadProcessMemory or WriteProcessMemory request was completed. (0x12B)
[0507/120542.726:ERROR:process_memory_win.cc(73)] ReadMemory at 0x269be46c300 of 62 bytes failed: Only part of a ReadProcessMemory or WriteProcessMemory request was completed. (0x12B)
[0507/120542.727:ERROR:process_memory_win.cc(73)] ReadMemory at 0x269be46c350 of 58 bytes failed: Only part of a ReadProcessMemory or WriteProcessMemory request was completed. (0x12B)
[0507/120542.727:ERROR:process_memory_win.cc(73)] ReadMemory at 0x269be46c3a0 of 64 bytes failed: Only part of a ReadProcessMemory or WriteProcessMemory request was completed. (0x12B)
[0507/120542.727:ERROR:process_memory_win.cc(73)] ReadMemory at 0x269be46c3f0 of 64 bytes failed: Only part of a ReadProcessMemory or WriteProcessMemory request was completed. (0x12B)
[0507/120542.727:ERROR:process_memory_win.cc(73)] ReadMemory at 0x269be46c440 of 60 bytes failed: Only part of a ReadProcessMemory or WriteProcessMemory request was completed. (0x12B)
[0507/120542.727:ERROR:process_memory_win.cc(73)] ReadMemory at 0x269be46c490 of 64 bytes failed: Only part of a ReadProcessMemory or WriteProcessMemory request was completed. (0x12B)
[0507/120542.727:ERROR:process_memory_win.cc(73)] ReadMemory at 0x269be46c4e0 of 62 bytes failed: Only part of a ReadProcessMemory or WriteProcessMemory request was completed. (0x12B)
[0507/120542.727:ERROR:process_memory_win.cc(73)] ReadMemory at 0x269be46c530 of 58 bytes failed: Only part of a ReadProcessMemory or WriteProcessMemory request was completed. (0x12B)
[0507/120542.727:ERROR:process_memory_win.cc(73)] ReadMemory at 0x269be46c5d0 of 60 bytes failed: Only part of a ReadProcessMemory or WriteProcessMemory request was completed. (0x12B)
[0507/120542.727:ERROR:process_memory_win.cc(73)] ReadMemory at 0x269be46c670 of 66 bytes failed: Only part of a ReadProcessMemory or WriteProcessMemory request was completed. (0x12B)
[0507/120542.727:ERROR:process_memory_win.cc(73)] ReadMemory at 0x269be46c710 of 60 bytes failed: Only part of a ReadProcessMemory or WriteProcessMemory request was completed. (0x12B)
[0507/120542.727:ERROR:process_memory_win.cc(73)] ReadMemory at 0x269be46c760 of 62 bytes failed: Only part of a ReadProcessMemory or WriteProcessMemory request was completed. (0x12B)
[0507/120542.727:ERROR:process_memory_win.cc(73)] ReadMemory at 0x269be46c800 of 66 bytes failed: Only part of a ReadProcessMemory or WriteProcessMemory request was completed. (0x12B)
[0507/120542.727:ERROR:process_memory_win.cc(73)] ReadMemory at 0x269be46c850 of 60 bytes failed: Only part of a ReadProcessMemory or WriteProcessMemory request was completed. (0x12B)
[0507/120542.728:ERROR:process_memory_win.cc(73)] ReadMemory at 0x269be46c8a0 of 62 bytes failed: Only part of a ReadProcessMemory or WriteProcessMemory request was completed. (0x12B)
[0507/120542.728:ERROR:process_memory_win.cc(73)] ReadMemory at 0x269be46c8f0 of 64 bytes failed: Only part of a ReadProcessMemory or WriteProcessMemory request was completed. (0x12B)
[0507/120542.728:ERROR:process_memory_win.cc(73)] ReadMemory at 0x269be46daa0 of 132 bytes failed: Only part of a ReadProcessMemory or WriteProcessMemory request was completed. (0x12B)
[0507/120542.728:ERROR:process_memory_win.cc(73)] ReadMemory at 0x269be46dfb0 of 132 bytes failed: Only part of a ReadProcessMemory or WriteProcessMemory request was completed. (0x12B)
[0507/120542.728:ERROR:process_memory_win.cc(73)] ReadMemory at 0x269be46f2e0 of 132 bytes failed: Only part of a ReadProcessMemory or WriteProcessMemory request was completed. (0x12B)
[0507/120542.728:ERROR:process_memory_win.cc(73)] ReadMemory at 0x269be471850 of 132 bytes failed: Only part of a ReadProcessMemory or WriteProcessMemory request was completed. (0x12B)
[0507/120542.728:ERROR:process_memory_win.cc(73)] ReadMemory at 0x269be472180 of 54 bytes failed: Only part of a ReadProcessMemory or WriteProcessMemory request was completed. (0x12B)
[0507/120542.728:ERROR:process_memory_win.cc(73)] ReadMemory at 0x269be474660 of 76 bytes failed: Only part of a ReadProcessMemory or WriteProcessMemory request was completed. (0x12B)
[0507/120542.728:ERROR:process_memory_win.cc(73)] ReadMemory at 0x269be478000 of 146 bytes failed: Only part of a ReadProcessMemory or WriteProcessMemory request was completed. (0x12B)
[0507/120542.728:ERROR:process_memory_win.cc(73)] ReadMemory at 0x269be478770 of 78 bytes failed: Only part of a ReadProcessMemory or WriteProcessMemory request was completed. (0x12B)
[0507/120542.728:ERROR:process_memory_win.cc(73)] ReadMemory at 0x269be4788f0 of 80 bytes failed: Only part of a ReadProcessMemory or WriteProcessMemory request was completed. (0x12B)
[0507/120542.728:ERROR:process_memory_win.cc(73)] ReadMemory at 0x269be4795e0 of 132 bytes failed: Only part of a ReadProcessMemory or WriteProcessMemory request was completed. (0x12B)
[0507/120542.728:ERROR:process_memory_win.cc(73)] ReadMemory at 0x269be479910 of 132 bytes failed: Only part of a ReadProcessMemory or WriteProcessMemory request was completed. (0x12B)
[0507/120542.728:ERROR:process_memory_win.cc(73)] ReadMemory at 0x269be479ca0 of 132 bytes failed: Only part of a ReadProcessMemory or WriteProcessMemory request was completed. (0x12B)
[0507/120542.729:ERROR:process_memory_win.cc(73)] ReadMemory at 0x269be47a0c0 of 132 bytes failed: Only part of a ReadProcessMemory or WriteProcessMemory request was completed. (0x12B)
[0507/120542.729:ERROR:process_memory_win.cc(73)] ReadMemory at 0x269be47a1f0 of 132 bytes failed: Only part of a ReadProcessMemory or WriteProcessMemory request was completed. (0x12B)
[0507/120542.729:ERROR:process_memory_win.cc(73)] ReadMemory at 0x269be47a320 of 132 bytes failed: Only part of a ReadProcessMemory or WriteProcessMemory request was completed. (0x12B)
[0507/120542.729:ERROR:process_memory_win.cc(73)] ReadMemory at 0x269be47a450 of 132 bytes failed: Only part of a ReadProcessMemory or WriteProcessMemory request was completed. (0x12B)
[0507/120542.729:ERROR:process_memory_win.cc(73)] ReadMemory at 0x269be47a580 of 132 bytes failed: Only part of a ReadProcessMemory or WriteProcessMemory request was completed. (0x12B)
[0507/120542.729:ERROR:process_memory_win.cc(73)] ReadMemory at 0x269be47a6b0 of 132 bytes failed: Only part of a ReadProcessMemory or WriteProcessMemory request was completed. (0x12B)
[0507/120542.729:ERROR:process_memory_win.cc(73)] ReadMemory at 0x269be47a7e0 of 132 bytes failed: Only part of a ReadProcessMemory or WriteProcessMemory request was completed. (0x12B)
[0507/120542.729:ERROR:process_memory_win.cc(73)] ReadMemory at 0x269be47a910 of 132 bytes failed: Only part of a ReadProcessMemory or WriteProcessMemory request was completed. (0x12B)
[0507/120542.729:ERROR:process_memory_win.cc(73)] ReadMemory at 0x269be47aa40 of 132 bytes failed: Only part of a ReadProcessMemory or WriteProcessMemory request was completed. (0x12B)
[0507/120542.729:ERROR:process_memory_win.cc(73)] ReadMemory at 0x269be47ab70 of 132 bytes failed: Only part of a ReadProcessMemory or WriteProcessMemory request was completed. (0x12B)
[0507/120542.729:ERROR:process_memory_win.cc(73)] ReadMemory at 0x269be47aca0 of 132 bytes failed: Only part of a ReadProcessMemory or WriteProcessMemory request was completed. (0x12B)
[0507/120542.729:ERROR:process_memory_win.cc(73)] ReadMemory at 0x269be47add0 of 132 bytes failed: Only part of a ReadProcessMemory or WriteProcessMemory request was completed. (0x12B)
[0507/120542.729:ERROR:process_memory_win.cc(73)] ReadMemory at 0x269be47af00 of 132 bytes failed: Only part of a ReadProcessMemory or WriteProcessMemory request was completed. (0x12B)
[0507/120542.729:ERROR:process_memory_win.cc(73)] ReadMemory at 0x269be47e190 of 132 bytes failed: Only part of a ReadProcessMemory or WriteProcessMemory request was completed. (0x12B)
[0507/120542.730:ERROR:process_memory_win.cc(73)] ReadMemory at 0x269be47e520 of 132 bytes failed: Only part of a ReadProcessMemory or WriteProcessMemory request was completed. (0x12B)
[0507/120542.730:ERROR:process_memory_win.cc(73)] ReadMemory at 0x269be47e650 of 132 bytes failed: Only part of a ReadProcessMemory or WriteProcessMemory request was completed. (0x12B)
[0507/120542.730:ERROR:process_memory_win.cc(73)] ReadMemory at 0x269be47e780 of 132 bytes failed: Only part of a ReadProcessMemory or WriteProcessMemory request was completed. (0x12B)
[0507/120542.730:ERROR:process_memory_win.cc(73)] ReadMemory at 0x269be47e8b0 of 132 bytes failed: Only part of a ReadProcessMemory or WriteProcessMemory request was completed. (0x12B)
[0507/120542.730:ERROR:process_memory_win.cc(73)] ReadMemory at 0x269be47e9e0 of 132 bytes failed: Only part of a ReadProcessMemory or WriteProcessMemory request was completed. (0x12B)
[0507/120542.730:ERROR:process_memory_win.cc(73)] ReadMemory at 0x269be47eb10 of 132 bytes failed: Only part of a ReadProcessMemory or WriteProcessMemory request was completed. (0x12B)
[0507/120542.730:ERROR:process_memory_win.cc(73)] ReadMemory at 0x269be47ec40 of 132 bytes failed: Only part of a ReadProcessMemory or WriteProcessMemory request was completed. (0x12B)
[0507/120542.730:ERROR:process_memory_win.cc(73)] ReadMemory at 0x269be47ed70 of 132 bytes failed: Only part of a ReadProcessMemory or WriteProcessMemory request was completed. (0x12B)
[0507/120542.730:ERROR:process_memory_win.cc(73)] ReadMemory at 0x269be47eea0 of 132 bytes failed: Only part of a ReadProcessMemory or WriteProcessMemory request was completed. (0x12B)
[0507/120542.730:ERROR:process_memory_win.cc(73)] ReadMemory at 0x269be47efd0 of 132 bytes failed: Only part of a ReadProcessMemory or WriteProcessMemory request was completed. (0x12B)
[0507/120542.730:ERROR:process_memory_win.cc(73)] ReadMemory at 0x269be47f100 of 132 bytes failed: Only part of a ReadProcessMemory or WriteProcessMemory request was completed. (0x12B)
[0507/120542.730:ERROR:process_memory_win.cc(73)] ReadMemory at 0x269be47f230 of 132 bytes failed: Only part of a ReadProcessMemory or WriteProcessMemory request was completed. (0x12B)
[0507/120542.730:ERROR:process_memory_win.cc(73)] ReadMemory at 0x269be47f360 of 132 bytes failed: Only part of a ReadProcessMemory or WriteProcessMemory request was completed. (0x12B)
[0507/120542.730:ERROR:process_memory_win.cc(73)] ReadMemory at 0x269be47f490 of 132 bytes failed: Only part of a ReadProcessMemory or WriteProcessMemory request was completed. (0x12B)
[0507/120542.730:ERROR:process_memory_win.cc(73)] ReadMemory at 0x269be47f5c0 of 132 bytes failed: Only part of a ReadProcessMemory or WriteProcessMemory request was completed. (0x12B)
[0507/120542.730:ERROR:process_memory_win.cc(73)] ReadMemory at 0x269be47f820 of 132 bytes failed: Only part of a ReadProcessMemory or WriteProcessMemory request was completed. (0x12B)
[0507/120542.731:ERROR:process_memory_win.cc(73)] ReadMemory at 0x269be47f950 of 132 bytes failed: Only part of a ReadProcessMemory or WriteProcessMemory request was completed. (0x12B)
[0507/120542.731:ERROR:process_memory_win.cc(73)] ReadMemory at 0x269be47fa80 of 132 bytes failed: Only part of a ReadProcessMemory or WriteProcessMemory request was completed. (0x12B)
[0507/120542.731:ERROR:process_memory_win.cc(73)] ReadMemory at 0x269be47fbb0 of 132 bytes failed: Only part of a ReadProcessMemory or WriteProcessMemory request was completed. (0x12B)
[0507/120542.731:ERROR:process_memory_win.cc(73)] ReadMemory at 0x269be47fce0 of 132 bytes failed: Only part of a ReadProcessMemory or WriteProcessMemory request was completed. (0x12B)
[0507/120542.731:ERROR:process_memory_win.cc(73)] ReadMemory at 0x269be47fe10 of 132 bytes failed: Only part of a ReadProcessMemory or WriteProcessMemory request was completed. (0x12B)
[0507/120542.731:ERROR:process_memory_win.cc(73)] ReadMemory at 0x269be4802a0 of 60 bytes failed: Only part of a ReadProcessMemory or WriteProcessMemory request was completed. (0x12B)
[0507/120542.731:ERROR:process_memory_win.cc(73)] ReadMemory at 0x269be4805c0 of 58 bytes failed: Only part of a ReadProcessMemory or WriteProcessMemory request was completed. (0x12B)
[0507/120542.731:ERROR:process_memory_win.cc(73)] ReadMemory at 0x269be480a20 of 60 bytes failed: Only part of a ReadProcessMemory or WriteProcessMemory request was completed. (0x12B)
[0507/120542.731:ERROR:process_memory_win.cc(73)] ReadMemory at 0x269be48bde0 of 64 bytes failed: Only part of a ReadProcessMemory or WriteProcessMemory request was completed. (0x12B)
[0507/120542.731:ERROR:process_memory_win.cc(73)] ReadMemory at 0x269be48bf70 of 62 bytes failed: Only part of a ReadProcessMemory or WriteProcessMemory request was completed. (0x12B)
[0507/120542.731:ERROR:process_memory_win.cc(73)] ReadMemory at 0x269be48c150 of 58 bytes failed: Only part of a ReadProcessMemory or WriteProcessMemory request was completed. (0x12B)
[0507/120542.731:ERROR:process_memory_win.cc(73)] ReadMemory at 0x269be48c1f0 of 62 bytes failed: Only part of a ReadProcessMemory or WriteProcessMemory request was completed. (0x12B)
[0507/120542.731:ERROR:process_memory_win.cc(73)] ReadMemory at 0x269be48c290 of 60 bytes failed: Only part of a ReadProcessMemory or WriteProcessMemory request was completed. (0x12B)
[0507/120542.731:ERROR:process_memory_win.cc(73)] ReadMemory at 0x269be48c2e0 of 64 bytes failed: Only part of a ReadProcessMemory or WriteProcessMemory request was completed. (0x12B)
[0507/120542.731:ERROR:process_memory_win.cc(73)] ReadMemory at 0x269be48c330 of 62 bytes failed: Only part of a ReadProcessMemory or WriteProcessMemory request was completed. (0x12B)
[0507/120542.731:ERROR:process_memory_win.cc(73)] ReadMemory at 0x269be48c380 of 62 bytes failed: Only part of a ReadProcessMemory or WriteProcessMemory request was completed. (0x12B)
[0507/120542.731:ERROR:process_memory_win.cc(73)] ReadMemory at 0x269be48c3d0 of 64 bytes failed: Only part of a ReadProcessMemory or WriteProcessMemory request was completed. (0x12B)
[0507/120542.732:ERROR:process_memory_win.cc(73)] ReadMemory at 0x269be48c420 of 64 bytes failed: Only part of a ReadProcessMemory or WriteProcessMemory request was completed. (0x12B)
[0507/120542.732:ERROR:process_memory_win.cc(73)] ReadMemory at 0x269be48c470 of 66 bytes failed: Only part of a ReadProcessMemory or WriteProcessMemory request was completed. (0x12B)
[0507/120542.732:ERROR:process_memory_win.cc(73)] ReadMemory at 0x269be48c4c0 of 64 bytes failed: Only part of a ReadProcessMemory or WriteProcessMemory request was completed. (0x12B)
[0507/120542.732:ERROR:process_memory_win.cc(73)] ReadMemory at 0x269be48c5b0 of 62 bytes failed: Only part of a ReadProcessMemory or WriteProcessMemory request was completed. (0x12B)
[0507/120542.732:ERROR:process_memory_win.cc(73)] ReadMemory at 0x269be48c790 of 62 bytes failed: Only part of a ReadProcessMemory or WriteProcessMemory request was completed. (0x12B)
[0507/120542.732:ERROR:process_memory_win.cc(73)] ReadMemory at 0x269be48c830 of 60 bytes failed: Only part of a ReadProcessMemory or WriteProcessMemory request was completed. (0x12B)
[0507/120542.732:ERROR:process_memory_win.cc(73)] ReadMemory at 0x269be48cba0 of 62 bytes failed: Only part of a ReadProcessMemory or WriteProcessMemory request was completed. (0x12B)
[0507/120542.732:ERROR:process_memory_win.cc(73)] ReadMemory at 0x269be48cc40 of 60 bytes failed: Only part of a ReadProcessMemory or WriteProcessMemory request was completed. (0x12B)
[0507/120542.732:ERROR:process_memory_win.cc(73)] ReadMemory at 0x269be493320 of 80 bytes failed: Only part of a ReadProcessMemory or WriteProcessMemory request was completed. (0x12B)
[0507/120542.732:ERROR:process_memory_win.cc(73)] ReadMemory at 0x269be497e00 of 132 bytes failed: Only part of a ReadProcessMemory or WriteProcessMemory request was completed. (0x12B)
[0507/120542.732:ERROR:process_memory_win.cc(73)] ReadMemory at 0x269be4a4fe0 of 512 bytes failed: Only part of a ReadProcessMemory or WriteProcessMemory request was completed. (0x12B)
[0507/120542.732:ERROR:process_memory_win.cc(73)] ReadMemory at 0x269be4a6200 of 512 bytes failed: Only part of a ReadProcessMemory or WriteProcessMemory request was completed. (0x12B)
[0507/120542.732:ERROR:process_memory_win.cc(73)] ReadMemory at 0x269bef40c40 of 512 bytes failed: Only part of a ReadProcessMemory or WriteProcessMemory request was completed. (0x12B)
[0507/120542.732:ERROR:process_memory_win.cc(73)] ReadMemory at 0x269bef41240 of 512 bytes failed: Only part of a ReadProcessMemory or WriteProcessMemory request was completed. (0x12B)
[0507/120542.732:ERROR:process_memory_win.cc(73)] ReadMemory at 0x269bf07f0d0 of 512 bytes failed: Only part of a ReadProcessMemory or WriteProcessMemory request was completed. (0x12B)
[0507/120542.732:ERROR:process_memory_win.cc(73)] ReadMemory at 0x269bf0815c0 of 512 bytes failed: Only part of a ReadProcessMemory or WriteProcessMemory request was completed. (0x12B)
[0507/120542.733:ERROR:process_memory_win.cc(73)] ReadMemory at 0x269bf083070 of 512 bytes failed: Only part of a ReadProcessMemory or WriteProcessMemory request was completed. (0x12B)
[0507/120542.733:ERROR:process_memory_win.cc(73)] ReadMemory at 0x269bf0931e0 of 712 bytes failed: Only part of a ReadProcessMemory or WriteProcessMemory request was completed. (0x12B)
[0507/120542.733:ERROR:process_memory_win.cc(73)] ReadMemory at 0x269bf112360 of 512 bytes failed: Only part of a ReadProcessMemory or WriteProcessMemory request was completed. (0x12B)
[0507/120542.733:ERROR:process_memory_win.cc(73)] ReadMemory at 0x269c06b0000 of 384 bytes failed: Only part of a ReadProcessMemory or WriteProcessMemory request was completed. (0x12B)
[0507/120542.733:ERROR:process_memory_win.cc(73)] ReadMemory at 0x269c06eb9b0 of 512 bytes failed: Only part of a ReadProcessMemory or WriteProcessMemory request was completed. (0x12B)
[0507/120542.733:ERROR:process_memory_win.cc(73)] ReadMemory at 0x269c071f666 of 512 bytes failed: Only part of a ReadProcessMemory or WriteProcessMemory request was completed. (0x12B)
[0507/120542.733:ERROR:process_memory_win.cc(73)] ReadMemory at 0x269c072e4e0 of 512 bytes failed: Only part of a ReadProcessMemory or WriteProcessMemory request was completed. (0x12B)
[0507/120542.733:ERROR:process_memory_win.cc(73)] ReadMemory at 0x269c084b740 of 512 bytes failed: Only part of a ReadProcessMemory or WriteProcessMemory request was completed. (0x12B)
[0507/120542.733:ERROR:process_memory_win.cc(73)] ReadMemory at 0x269c089ae40 of 512 bytes failed: Only part of a ReadProcessMemory or WriteProcessMemory request was completed. (0x12B)
[0507/120542.733:ERROR:process_memory_win.cc(73)] ReadMemory at 0x269c0b7ed78 of 512 bytes failed: Only part of a ReadProcessMemory or WriteProcessMemory request was completed. (0x12B)
[0507/120542.733:ERROR:process_memory_win.cc(73)] ReadMemory at 0x269c0c09b30 of 512 bytes failed: Only part of a ReadProcessMemory or WriteProcessMemory request was completed. (0x12B)
[0507/120542.733:ERROR:process_memory_win.cc(73)] ReadMemory at 0x269c0c0b750 of 512 bytes failed: Only part of a ReadProcessMemory or WriteProcessMemory request was completed. (0x12B)
[0507/120542.733:ERROR:process_memory_win.cc(73)] ReadMemory at 0x269c0c26d08 of 512 bytes failed: Only part of a ReadProcessMemory or WriteProcessMemory request was completed. (0x12B)
[0507/120542.733:ERROR:process_memory_win.cc(73)] ReadMemory at 0x269c0c823a8 of 512 bytes failed: Only part of a ReadProcessMemory or WriteProcessMemory request was completed. (0x12B)
[0507/120542.733:ERROR:process_memory_win.cc(73)] ReadMemory at 0x269c0c83318 of 512 bytes failed: Only part of a ReadProcessMemory or WriteProcessMemory request was completed. (0x12B)
[0507/120542.733:ERROR:process_memory_win.cc(73)] ReadMemory at 0x549300ab8f08 of 512 bytes failed: Only part of a ReadProcessMemory or WriteProcessMemory request was completed. (0x12B)
[0507/120542.734:ERROR:process_memory_win.cc(73)] ReadMemory at 0x7ffad4867c2b of 512 bytes failed: Only part of a ReadProcessMemory or WriteProcessMemory request was completed. (0x12B)
[0507/120542.734:ERROR:process_memory_win.cc(73)] ReadMemory at 0x7ffad6f1971c of 512 bytes failed: Only part of a ReadProcessMemory or WriteProcessMemory request was completed. (0x12B)
[0507/120542.734:ERROR:process_memory_win.cc(73)] ReadMemory at 0x7ffad7d35dbf of 512 bytes failed: Only part of a ReadProcessMemory or WriteProcessMemory request was completed. (0x12B)
[0507/120542.734:ERROR:process_memory_win.cc(73)] ReadMemory at 0x7ffadb04c548 of 512 bytes failed: Only part of a ReadProcessMemory or WriteProcessMemory request was completed. (0x12B)
[0507/120542.734:ERROR:process_memory_win.cc(73)] ReadMemory at 0x7ffb6d4bb6e0 of 512 bytes failed: Only part of a ReadProcessMemory or WriteProcessMemory request was completed. (0x12B)
[0507/120542.734:ERROR:process_memory_win.cc(73)] ReadMemory at 0x7ffb6fa3c074 of 672 bytes failed: Only part of a ReadProcessMemory or WriteProcessMemory request was completed. (0x12B)
[0507/120542.734:ERROR:process_memory_win.cc(73)] ReadMemory at 0x7ffb6fa3c674 of 512 bytes failed: Only part of a ReadProcessMemory or WriteProcessMemory request was completed. (0x12B)
[0507/120542.734:ERROR:process_memory_win.cc(73)] ReadMemory at 0x7ffb6fa3f924 of 608 bytes failed: Only part of a ReadProcessMemory or WriteProcessMemory request was completed. (0x12B)
[0507/120542.734:ERROR:process_memory_win.cc(73)] ReadMemory at 0x7ffb6facc428 of 18 bytes failed: Only part of a ReadProcessMemory or WriteProcessMemory request was completed. (0x12B)
[0507/120542.734:ERROR:process_memory_win.cc(73)] ReadMemory at 0x7ffb6faff4f8 of 40 bytes failed: Only part of a ReadProcessMemory or WriteProcessMemory request was completed. (0x12B)
[0507/120542.734:ERROR:process_memory_win.cc(73)] ReadMemory at 0x7ffb6faff978 of 48 bytes failed: Only part of a ReadProcessMemory or WriteProcessMemory request was completed. (0x12B)
[0507/120542.735:ERROR:process_memory_win.cc(73)] ReadMemory at 0x7ffb6fb053c0 of 64 bytes failed: Only part of a ReadProcessMemory or WriteProcessMemory request was completed. (0x12B)
[0507/120542.738:ERROR:scoped_process_suspend.cc(40)] NtResumeProcess: An attempt was made to access an exiting process. (0xc000010a)
[1007/104112.102:ERROR:directory_reader_win.cc(43)] FindFirstFile: The system cannot find the path specified. (0x3)
[1007/144249.456:ERROR:directory_reader_win.cc(43)] FindFirstFile: The system cannot find the path specified. (0x3)
[1008/104257.194:ERROR:directory_reader_win.cc(43)] FindFirstFile: The system cannot find the path specified. (0x3)
[1008/134053.863:ERROR:directory_reader_win.cc(43)] FindFirstFile: The system cannot find the path specified. (0x3)
[1010/121227.396:ERROR:directory_reader_win.cc(43)] FindFirstFile: The system cannot find the path specified. (0x3)
[1014/103729.915:ERROR:directory_reader_win.cc(43)] FindFirstFile: The system cannot find the path specified. (0x3)
[1016/100224.832:ERROR:directory_reader_win.cc(43)] FindFirstFile: The system cannot find the path specified. (0x3)
[1027/185833.531:ERROR:directory_reader_win.cc(43)] FindFirstFile: The system cannot find the path specified. (0x3)
[1028/094423.890:ERROR:directory_reader_win.cc(43)] FindFirstFile: The system cannot find the path specified. (0x3)
[1029/111434.671:ERROR:directory_reader_win.cc(43)] FindFirstFile: The system cannot find the path specified. (0x3)
[1105/111558.624:ERROR:directory_reader_win.cc(43)] FindFirstFile: The system cannot find the path specified. (0x3)
[1113/103854.482:ERROR:directory_reader_win.cc(43)] FindFirstFile: The system cannot find the path specified. (0x3)
[1113/160904.654:ERROR:directory_reader_win.cc(43)] FindFirstFile: The system cannot find the path specified. (0x3)
[1114/095928.287:ERROR:directory_reader_win.cc(43)] FindFirstFile: The system cannot find the path specified. (0x3)
[1115/082719.781:ERROR:directory_reader_win.cc(43)] FindFirstFile: The system cannot find the path specified. (0x3)
[1115/160734.431:ERROR:directory_reader_win.cc(43)] FindFirstFile: The system cannot find the path specified. (0x3)
[1116/062041.118:ERROR:directory_reader_win.cc(43)] FindFirstFile: The system cannot find the path specified. (0x3)
[1116/111335.119:ERROR:directory_reader_win.cc(43)] FindFirstFile: The system cannot find the path specified. (0x3)
[1116/154334.682:ERROR:directory_reader_win.cc(43)] FindFirstFile: The system cannot find the path specified. (0x3)
[1117/100631.680:ERROR:directory_reader_win.cc(43)] FindFirstFile: The system cannot find the path specified. (0x3)
[1118/084635.994:ERROR:directory_reader_win.cc(43)] FindFirstFile: The system cannot find the path specified. (0x3)
[1118/132147.095:ERROR:directory_reader_win.cc(43)] FindFirstFile: The system cannot find the path specified. (0x3)
[1119/182501.439:ERROR:directory_reader_win.cc(43)] FindFirstFile: The system cannot find the path specified. (0x3)
[1122/061005.189:ERROR:directory_reader_win.cc(43)] FindFirstFile: The system cannot find the path specified. (0x3)
[1130/141407.456:ERROR:directory_reader_win.cc(43)] FindFirstFile: The system cannot find the path specified. (0x3)
[1209/153828.601:ERROR:directory_reader_win.cc(43)] FindFirstFile: The system cannot find the path specified. (0x3)
[1215/095215.261:ERROR:directory_reader_win.cc(43)] FindFirstFile: The system cannot find the path specified. (0x3)
[1217/104956.257:ERROR:directory_reader_win.cc(43)] FindFirstFile: The system cannot find the path specified. (0x3)
[1217/134611.539:ERROR:directory_reader_win.cc(43)] FindFirstFile: The system cannot find the path specified. (0x3)
[1217/154001.329:ERROR:directory_reader_win.cc(43)] FindFirstFile: The system cannot find the path specified. (0x3)
[1217/163944.976:ERROR:directory_reader_win.cc(43)] FindFirstFile: The system cannot find the path specified. (0x3)
[1218/142925.860:ERROR:directory_reader_win.cc(43)] FindFirstFile: The system cannot find the path specified. (0x3)
[1218/152722.590:ERROR:directory_reader_win.cc(43)] FindFirstFile: The system cannot find the path specified. (0x3)
[1222/110250.173:ERROR:directory_reader_win.cc(43)] FindFirstFile: The system cannot find the path specified. (0x3)
[1230/165500.353:ERROR:directory_reader_win.cc(43)] FindFirstFile: The system cannot find the path specified. (0x3)
[0102/130239.832:ERROR:directory_reader_win.cc(43)] FindFirstFile: The system cannot find the path specified. (0x3)
[0104/094351.443:ERROR:directory_reader_win.cc(43)] FindFirstFile: The system cannot find the path specified. (0x3)
[0108/085745.284:ERROR:directory_reader_win.cc(43)] FindFirstFile: The system cannot find the path specified. (0x3)
[0110/124822.254:ERROR:directory_reader_win.cc(43)] FindFirstFile: The system cannot find the path specified. (0x3)
[0111/122612.206:ERROR:directory_reader_win.cc(43)] FindFirstFile: The system cannot find the path specified. (0x3)
[0111/140013.998:ERROR:directory_reader_win.cc(43)] FindFirstFile: The system cannot find the path specified. (0x3)
[0112/111017.586:ERROR:directory_reader_win.cc(43)] FindFirstFile: The system cannot find the path specified. (0x3)
[0112/140616.347:ERROR:directory_reader_win.cc(43)] FindFirstFile: The system cannot find the path specified. (0x3)
[0113/104100.808:ERROR:directory_reader_win.cc(43)] FindFirstFile: The system cannot find the path specified. (0x3)
[0118/123130.470:ERROR:directory_reader_win.cc(43)] FindFirstFile: The system cannot find the path specified. (0x3)
[0119/111314.485:ERROR:directory_reader_win.cc(43)] FindFirstFile: The system cannot find the path specified. (0x3)
